{"numTotalTestSuites":263,"numPassedTestSuites":244,"numFailedTestSuites":19,"numPendingTestSuites":0,"numTotalTests":568,"numPassedTests":557,"numFailedTests":11,"numPendingTests":0,"numTodoTests":0,"snapshot":{"added":0,"failure":false,"filesAdded":0,"filesRemoved":0,"filesRemovedList":[],"filesUnmatched":0,"filesUpdated":0,"matched":0,"total":0,"unchecked":0,"uncheckedKeysByFile":[],"unmatched":0,"updated":0,"didUpdate":false},"startTime":1759405830278,"success":false,"testResults":[{"assertionResults":[{"ancestorTitles":["Accessibility Commands","--a11y:announce command"],"fullName":"Accessibility Commands --a11y:announce command should announce text to screen readers","status":"passed","title":"should announce text to screen readers","duration":193.38009999999986,"failureMessages":[],"meta":{}},{"ancestorTitles":["Accessibility Commands","--a11y:announce command"],"fullName":"Accessibility Commands --a11y:announce command should use assertive priority when specified","status":"passed","title":"should use assertive priority when specified","duration":165.28269999999975,"failureMessages":[],"meta":{}},{"ancestorTitles":["Accessibility Commands","--a11y:announce command"],"fullName":"Accessibility Commands --a11y:announce command should throw error for missing text","status":"passed","title":"should throw error for missing text","duration":27.432400000000143,"failureMessages":[],"meta":{}},{"ancestorTitles":["Accessibility Commands","--a11y:focus command"],"fullName":"Accessibility Commands --a11y:focus command should focus target element","status":"passed","title":"should focus target element","duration":378.4140000000002,"failureMessages":[],"meta":{}},{"ancestorTitles":["Accessibility Commands","--a11y:focus command"],"fullName":"Accessibility Commands --a11y:focus command should throw error for missing targets","status":"passed","title":"should throw error for missing targets","duration":17.165399999999863,"failureMessages":[],"meta":{}},{"ancestorTitles":["Accessibility Commands","--a11y:skip-to command"],"fullName":"Accessibility Commands --a11y:skip-to command should focus element by ID","status":"passed","title":"should focus element by ID","duration":383.18910000000005,"failureMessages":[],"meta":{}},{"ancestorTitles":["Accessibility Commands","--a11y:skip-to command"],"fullName":"Accessibility Commands --a11y:skip-to command should throw error for non-existent element","status":"passed","title":"should throw error for non-existent element","duration":6.2820999999999,"failureMessages":[],"meta":{}},{"ancestorTitles":["Accessibility Commands","--a11y:focus-trap command"],"fullName":"Accessibility Commands --a11y:focus-trap command should enable focus trap","status":"passed","title":"should enable focus trap","duration":44.007100000000264,"failureMessages":[],"meta":{}},{"ancestorTitles":["Accessibility Commands","--a11y:focus-trap command"],"fullName":"Accessibility Commands --a11y:focus-trap command should disable focus trap","status":"passed","title":"should disable focus trap","duration":10.145700000000033,"failureMessages":[],"meta":{}},{"ancestorTitles":["Accessibility Commands","--a11y:focus-trap command"],"fullName":"Accessibility Commands --a11y:focus-trap command should throw error for invalid action","status":"passed","title":"should throw error for invalid action","duration":8.451399999999921,"failureMessages":[],"meta":{}},{"ancestorTitles":["Accessibility Commands","--a11y:aria:set command"],"fullName":"Accessibility Commands --a11y:aria:set command should set ARIA attributes","status":"passed","title":"should set ARIA attributes","duration":7.9371000000001,"failureMessages":[],"meta":{}},{"ancestorTitles":["Accessibility Commands","--a11y:aria:set command"],"fullName":"Accessibility Commands --a11y:aria:set command should throw error for invalid format","status":"passed","title":"should throw error for invalid format","duration":8.908700000000408,"failureMessages":[],"meta":{}},{"ancestorTitles":["Accessibility Commands","--a11y:aria:remove command"],"fullName":"Accessibility Commands --a11y:aria:remove command should remove ARIA attributes","status":"passed","title":"should remove ARIA attributes","duration":5.753400000000056,"failureMessages":[],"meta":{}},{"ancestorTitles":["Accessibility Commands","--a11y:heading-level command"],"fullName":"Accessibility Commands --a11y:heading-level command should change heading level by changing tag","status":"passed","title":"should change heading level by changing tag","duration":13.624699999999848,"failureMessages":[],"meta":{}},{"ancestorTitles":["Accessibility Commands","--a11y:heading-level command"],"fullName":"Accessibility Commands --a11y:heading-level command should set aria-level for non-heading elements","status":"passed","title":"should set aria-level for non-heading elements","duration":4.9254000000000815,"failureMessages":[],"meta":{}},{"ancestorTitles":["Accessibility Commands","--a11y:heading-level command"],"fullName":"Accessibility Commands --a11y:heading-level command should throw error for invalid level","status":"passed","title":"should throw error for invalid level","duration":11.961099999999988,"failureMessages":[],"meta":{}}],"startTime":1759405835694,"endTime":1759405836982.9612,"status":"passed","message":"","name":"C:/Users/Patrick/invokers/test/accessibility-commands.test.ts"},{"assertionResults":[{"ancestorTitles":["Advanced Events Toast Notification"],"fullName":"Advanced Events Toast Notification should display toast with interpolated message after form submission","status":"passed","title":"should display toast with interpolated message after form submission","duration":150.7503999999999,"failureMessages":[],"meta":{}},{"ancestorTitles":["Advanced Events Toast Notification"],"fullName":"Advanced Events Toast Notification should handle emit command correctly","status":"passed","title":"should handle emit command correctly","duration":130.8973000000001,"failureMessages":[],"meta":{}},{"ancestorTitles":["Advanced Events Toast Notification"],"fullName":"Advanced Events Toast Notification should interpolate detail.message correctly","status":"passed","title":"should interpolate detail.message correctly","duration":15.020899999999983,"failureMessages":[],"meta":{}}],"startTime":1759405836435,"endTime":1759405836732.021,"status":"passed","message":"","name":"C:/Users/Patrick/invokers/test/advanced-events-toast.test.ts"},{"assertionResults":[{"ancestorTitles":["Advanced Events","enableAdvancedEvents()"],"fullName":"Advanced Events enableAdvancedEvents() should enable interpolation in InvokerManager","status":"passed","title":"should enable interpolation in InvokerManager","duration":37.80079999999998,"failureMessages":[],"meta":{}},{"ancestorTitles":["Advanced Events","enableAdvancedEvents()"],"fullName":"Advanced Events enableAdvancedEvents() should register interpolation utility on window","status":"passed","title":"should register interpolation utility on window","duration":15.073899999999867,"failureMessages":[],"meta":{}},{"ancestorTitles":["Advanced Events","command-on attribute"],"fullName":"Advanced Events command-on attribute should trigger command on click event","status":"passed","title":"should trigger command on click event","duration":30.361499999999978,"failureMessages":[],"meta":{}},{"ancestorTitles":["Advanced Events","command-on attribute"],"fullName":"Advanced Events command-on attribute should interpolate dynamic data","status":"passed","title":"should interpolate dynamic data","duration":25.991599999999835,"failureMessages":[],"meta":{}},{"ancestorTitles":["Advanced Events","command-on attribute"],"fullName":"Advanced Events command-on attribute should handle event modifiers","status":"passed","title":"should handle event modifiers","duration":13.530299999999897,"failureMessages":[],"meta":{}},{"ancestorTitles":["Advanced Events","data-on-event attribute"],"fullName":"Advanced Events data-on-event attribute should listen for custom events","status":"passed","title":"should listen for custom events","duration":24.157600000000002,"failureMessages":[],"meta":{}},{"ancestorTitles":["Advanced Events","data-on-event attribute"],"fullName":"Advanced Events data-on-event attribute should interpolate event detail data","status":"passed","title":"should interpolate event detail data","duration":27.013500000000022,"failureMessages":[],"meta":{}},{"ancestorTitles":["Advanced Events","interpolation"],"fullName":"Advanced Events interpolation should safely interpolate context variables","status":"passed","title":"should safely interpolate context variables","duration":9.68060000000014,"failureMessages":[],"meta":{}},{"ancestorTitles":["Advanced Events","interpolation"],"fullName":"Advanced Events interpolation should handle undefined/null values safely","status":"passed","title":"should handle undefined/null values safely","duration":9.428600000000188,"failureMessages":[],"meta":{}},{"ancestorTitles":["Advanced Events","interpolation"],"fullName":"Advanced Events interpolation should handle nested object access","status":"passed","title":"should handle nested object access","duration":7.7345000000000255,"failureMessages":[],"meta":{}},{"ancestorTitles":["Advanced Events","interpolation"],"fullName":"Advanced Events interpolation should interpolate templates in --dom:swap command","status":"passed","title":"should interpolate templates in --dom:swap command","duration":33.347499999999854,"failureMessages":[],"meta":{}},{"ancestorTitles":["Advanced Events","--emit command"],"fullName":"Advanced Events --emit command should emit custom events with JSON detail and update target via commandfor","status":"passed","title":"should emit custom events with JSON detail and update target via commandfor","duration":25.849299999999857,"failureMessages":[],"meta":{}},{"ancestorTitles":["Advanced Events","tree-shaking"],"fullName":"Advanced Events tree-shaking should not include advanced event code when enableAdvancedEvents is not called","status":"passed","title":"should not include advanced event code when enableAdvancedEvents is not called","duration":18.197400000000016,"failureMessages":[],"meta":{}}],"startTime":1759405836105,"endTime":1759405836384.1975,"status":"passed","message":"","name":"C:/Users/Patrick/invokers/test/advanced-events.test.ts"},{"assertionResults":[{"ancestorTitles":["Advanced Integration Commands (--text, --attr, --dom)","Basic Command Integration"],"fullName":"Advanced Integration Commands (--text, --attr, --dom) Basic Command Integration should combine --value and --attr commands for form state management","status":"passed","title":"should combine --value and --attr commands for form state management","duration":40.41060000000016,"failureMessages":[],"meta":{}},{"ancestorTitles":["Advanced Integration Commands (--text, --attr, --dom)","Basic Command Integration"],"fullName":"Advanced Integration Commands (--text, --attr, --dom) Basic Command Integration should use --dom commands for basic element manipulation","status":"passed","title":"should use --dom commands for basic element manipulation","duration":40.91399999999976,"failureMessages":[],"meta":{}},{"ancestorTitles":["Advanced Integration Commands (--text, --attr, --dom)","Command Chaining and State Management"],"fullName":"Advanced Integration Commands (--text, --attr, --dom) Command Chaining and State Management should demonstrate command chaining with <and-then> elements","status":"passed","title":"should demonstrate command chaining with <and-then> elements","duration":18.152500000000146,"failureMessages":[],"meta":{}},{"ancestorTitles":["Advanced Integration Commands (--text, --attr, --dom)","Command Chaining and State Management"],"fullName":"Advanced Integration Commands (--text, --attr, --dom) Command Chaining and State Management should handle conditional command execution","status":"passed","title":"should handle conditional command execution","duration":17.78099999999995,"failureMessages":[],"meta":{}},{"ancestorTitles":["Advanced Integration Commands (--text, --attr, --dom)","Template-based Content Management"],"fullName":"Advanced Integration Commands (--text, --attr, --dom) Template-based Content Management should work with simple templates for content creation","status":"passed","title":"should work with simple templates for content creation","duration":37.22829999999976,"failureMessages":[],"meta":{}},{"ancestorTitles":["Advanced Integration Commands (--text, --attr, --dom)","Template-based Content Management"],"fullName":"Advanced Integration Commands (--text, --attr, --dom) Template-based Content Management should handle multiple template instances with unique IDs","status":"passed","title":"should handle multiple template instances with unique IDs","duration":39.985699999999724,"failureMessages":[],"meta":{}},{"ancestorTitles":["Advanced Integration Commands (--text, --attr, --dom)","Error Handling and Edge Cases"],"fullName":"Advanced Integration Commands (--text, --attr, --dom) Error Handling and Edge Cases should handle missing targets gracefully","status":"passed","title":"should handle missing targets gracefully","duration":15.537900000000263,"failureMessages":[],"meta":{}},{"ancestorTitles":["Advanced Integration Commands (--text, --attr, --dom)","Error Handling and Edge Cases"],"fullName":"Advanced Integration Commands (--text, --attr, --dom) Error Handling and Edge Cases should handle invalid command parameters","status":"passed","title":"should handle invalid command parameters","duration":11.352300000000014,"failureMessages":[],"meta":{}},{"ancestorTitles":["Advanced Integration Commands (--text, --attr, --dom)","Error Handling and Edge Cases"],"fullName":"Advanced Integration Commands (--text, --attr, --dom) Error Handling and Edge Cases should work with multiple targets","status":"passed","title":"should work with multiple targets","duration":11.04740000000038,"failureMessages":[],"meta":{}},{"ancestorTitles":["Advanced Integration Commands (--text, --attr, --dom)","Dynamic Values and Interpolation"],"fullName":"Advanced Integration Commands (--text, --attr, --dom) Dynamic Values and Interpolation should use dynamic values from invoker data attributes","status":"passed","title":"should use dynamic values from invoker data attributes","duration":8.98869999999988,"failureMessages":[],"meta":{}},{"ancestorTitles":["Advanced Integration Commands (--text, --attr, --dom)","Dynamic Values and Interpolation"],"fullName":"Advanced Integration Commands (--text, --attr, --dom) Dynamic Values and Interpolation should interpolate values from data attributes","status":"passed","title":"should interpolate values from data attributes","duration":12.419399999999769,"failureMessages":[],"meta":{}},{"ancestorTitles":["Advanced Integration Commands (--text, --attr, --dom)","Dynamic Values and Interpolation"],"fullName":"Advanced Integration Commands (--text, --attr, --dom) Dynamic Values and Interpolation should use data-context for complex interpolation","status":"passed","title":"should use data-context for complex interpolation","duration":18.581900000000132,"failureMessages":[],"meta":{}},{"ancestorTitles":["Advanced Integration Commands (--text, --attr, --dom)","Dynamic Values and Interpolation"],"fullName":"Advanced Integration Commands (--text, --attr, --dom) Dynamic Values and Interpolation should support event detail interpolation (requires full event system)","status":"passed","title":"should support event detail interpolation (requires full event system)","duration":13.555499999999938,"failureMessages":[],"meta":{}},{"ancestorTitles":["Advanced Integration Commands (--text, --attr, --dom)","Advanced Selectors"],"fullName":"Advanced Integration Commands (--text, --attr, --dom) Advanced Selectors should work with @closest selector","status":"passed","title":"should work with @closest selector","duration":16.63709999999992,"failureMessages":[],"meta":{}},{"ancestorTitles":["Advanced Integration Commands (--text, --attr, --dom)","Advanced Selectors"],"fullName":"Advanced Integration Commands (--text, --attr, --dom) Advanced Selectors should work with @child selector","status":"passed","title":"should work with @child selector","duration":8.866599999999835,"failureMessages":[],"meta":{}},{"ancestorTitles":["Advanced Integration Commands (--text, --attr, --dom)","Advanced Selectors"],"fullName":"Advanced Integration Commands (--text, --attr, --dom) Advanced Selectors should work with @children selector for multiple targets","status":"passed","title":"should work with @children selector for multiple targets","duration":15.688200000000052,"failureMessages":[],"meta":{}},{"ancestorTitles":["Advanced Integration Commands (--text, --attr, --dom)","Advanced Selectors"],"fullName":"Advanced Integration Commands (--text, --attr, --dom) Advanced Selectors should work with dynamic CSS selectors","status":"passed","title":"should work with dynamic CSS selectors","duration":31.13989999999967,"failureMessages":[],"meta":{}},{"ancestorTitles":["Advanced Integration Commands (--text, --attr, --dom)","Complex Integration Scenarios"],"fullName":"Advanced Integration Commands (--text, --attr, --dom) Complex Integration Scenarios should combine interpolation and dynamic selectors","status":"passed","title":"should combine interpolation and dynamic selectors","duration":21.970800000000054,"failureMessages":[],"meta":{}},{"ancestorTitles":["Advanced Integration Commands (--text, --attr, --dom)","Complex Integration Scenarios"],"fullName":"Advanced Integration Commands (--text, --attr, --dom) Complex Integration Scenarios should handle template processing with data","status":"passed","title":"should handle template processing with data","duration":10.129300000000057,"failureMessages":[],"meta":{}},{"ancestorTitles":["Advanced Integration Commands (--text, --attr, --dom)","URL Navigation Integration","Hash Navigation"],"fullName":"Advanced Integration Commands (--text, --attr, --dom) URL Navigation Integration Hash Navigation should set hash to static value","status":"passed","title":"should set hash to static value","duration":11.996800000000349,"failureMessages":[],"meta":{}},{"ancestorTitles":["Advanced Integration Commands (--text, --attr, --dom)","URL Navigation Integration","Hash Navigation"],"fullName":"Advanced Integration Commands (--text, --attr, --dom) URL Navigation Integration Hash Navigation should set hash from input element","status":"passed","title":"should set hash from input element","duration":4.4211999999997715,"failureMessages":[],"meta":{}},{"ancestorTitles":["Advanced Integration Commands (--text, --attr, --dom)","URL Navigation Integration","Hash Navigation"],"fullName":"Advanced Integration Commands (--text, --attr, --dom) URL Navigation Integration Hash Navigation should get current hash and display it","status":"passed","title":"should get current hash and display it","duration":3.948899999999867,"failureMessages":[],"meta":{}},{"ancestorTitles":["Advanced Integration Commands (--text, --attr, --dom)","URL Navigation Integration","Hash Navigation"],"fullName":"Advanced Integration Commands (--text, --attr, --dom) URL Navigation Integration Hash Navigation should clear hash","status":"passed","title":"should clear hash","duration":4.735200000000077,"failureMessages":[],"meta":{}},{"ancestorTitles":["Advanced Integration Commands (--text, --attr, --dom)","URL Navigation Integration","Hash Navigation"],"fullName":"Advanced Integration Commands (--text, --attr, --dom) URL Navigation Integration Hash Navigation should handle hash with # prefix","status":"passed","title":"should handle hash with # prefix","duration":4.685100000000148,"failureMessages":[],"meta":{}},{"ancestorTitles":["Advanced Integration Commands (--text, --attr, --dom)","URL Navigation Integration","Pathname Navigation"],"fullName":"Advanced Integration Commands (--text, --attr, --dom) URL Navigation Integration Pathname Navigation should set pathname to static value","status":"passed","title":"should set pathname to static value","duration":12.705899999999929,"failureMessages":[],"meta":{}},{"ancestorTitles":["Advanced Integration Commands (--text, --attr, --dom)","URL Navigation Integration","Pathname Navigation"],"fullName":"Advanced Integration Commands (--text, --attr, --dom) URL Navigation Integration Pathname Navigation should set pathname from input element","status":"passed","title":"should set pathname from input element","duration":6.938999999999851,"failureMessages":[],"meta":{}},{"ancestorTitles":["Advanced Integration Commands (--text, --attr, --dom)","URL Navigation Integration","Pathname Navigation"],"fullName":"Advanced Integration Commands (--text, --attr, --dom) URL Navigation Integration Pathname Navigation should get current pathname and display it","status":"passed","title":"should get current pathname and display it","duration":5.462199999999939,"failureMessages":[],"meta":{}},{"ancestorTitles":["Advanced Integration Commands (--text, --attr, --dom)","URL Navigation Integration","Pathname Navigation"],"fullName":"Advanced Integration Commands (--text, --attr, --dom) URL Navigation Integration Pathname Navigation should handle pathname without leading slash","status":"passed","title":"should handle pathname without leading slash","duration":5.295799999999872,"failureMessages":[],"meta":{}},{"ancestorTitles":["Advanced Integration Commands (--text, --attr, --dom)","URL Navigation Integration","Complete Hash Navigation Demo"],"fullName":"Advanced Integration Commands (--text, --attr, --dom) URL Navigation Integration Complete Hash Navigation Demo should replicate the hash navigation demo functionality","status":"passed","title":"should replicate the hash navigation demo functionality","duration":9.973300000000108,"failureMessages":[],"meta":{}},{"ancestorTitles":["Advanced Integration Commands (--text, --attr, --dom)","URL Navigation Integration","Complete Pathname Navigation Demo"],"fullName":"Advanced Integration Commands (--text, --attr, --dom) URL Navigation Integration Complete Pathname Navigation Demo should replicate the pathname navigation demo functionality","status":"passed","title":"should replicate the pathname navigation demo functionality","duration":12.465000000000146,"failureMessages":[],"meta":{}}],"startTime":1759405833184,"endTime":1759405833660.465,"status":"passed","message":"","name":"C:/Users/Patrick/invokers/test/advanced-integration-commands.test.ts"},{"assertionResults":[{"ancestorTitles":["Advanced Templating","Template Processing"],"fullName":"Advanced Templating Template Processing should inject data into template using data-with-json and data-tpl-* attributes","status":"passed","title":"should inject data into template using data-with-json and data-tpl-* attributes","duration":151.07589999999982,"failureMessages":[],"meta":{}},{"ancestorTitles":["Advanced Templating","Template Processing"],"fullName":"Advanced Templating Template Processing should handle {{__uid}} placeholder for unique IDs","status":"passed","title":"should handle {{__uid}} placeholder for unique IDs","duration":127.21979999999985,"failureMessages":[],"meta":{}},{"ancestorTitles":["Advanced Templating","Template Processing"],"fullName":"Advanced Templating Template Processing should interpolate values from invoker context","status":"passed","title":"should interpolate values from invoker context","duration":115.81700000000001,"failureMessages":[],"meta":{}},{"ancestorTitles":["Advanced Templating","Template Processing"],"fullName":"Advanced Templating Template Processing should rewrite @closest selectors to use generated IDs","status":"passed","title":"should rewrite @closest selectors to use generated IDs","duration":114.75900000000001,"failureMessages":[],"meta":{}},{"ancestorTitles":["Advanced Templating","Template Processing"],"fullName":"Advanced Templating Template Processing should handle multiple data-tpl-* attributes","status":"passed","title":"should handle multiple data-tpl-* attributes","duration":118.1278000000002,"failureMessages":[],"meta":{}},{"ancestorTitles":["Advanced Templating","Template Processing"],"fullName":"Advanced Templating Template Processing should gracefully handle invalid JSON in data-with-json","status":"passed","title":"should gracefully handle invalid JSON in data-with-json","duration":109.44000000000005,"failureMessages":[],"meta":{}},{"ancestorTitles":["Advanced Templating","Template Processing"],"fullName":"Advanced Templating Template Processing should work with different DOM commands (prepend, swap, replace)","status":"passed","title":"should work with different DOM commands (prepend, swap, replace)","duration":25.67579999999998,"failureMessages":[],"meta":{}},{"ancestorTitles":["Advanced Templating","Template Processing"],"fullName":"Advanced Templating Template Processing should process data-with-json even when interpolation is disabled","status":"passed","title":"should process data-with-json even when interpolation is disabled","duration":107.69250000000011,"failureMessages":[],"meta":{}}],"startTime":1759405835943,"endTime":1759405836812.6924,"status":"passed","message":"","name":"C:/Users/Patrick/invokers/test/advanced-templating.test.ts"},{"assertionResults":[{"ancestorTitles":["Simple And-Then Elements"],"fullName":"Simple And-Then Elements should execute and-then element after primary command","status":"passed","title":"should execute and-then element after primary command","duration":15.516999999999825,"failureMessages":[],"meta":{}},{"ancestorTitles":["Simple And-Then Elements"],"fullName":"Simple And-Then Elements should handle delay in and-then elements","status":"passed","title":"should handle delay in and-then elements","duration":61.91989999999987,"failureMessages":[],"meta":{}},{"ancestorTitles":["Simple And-Then Elements"],"fullName":"Simple And-Then Elements should remove once elements after execution","status":"passed","title":"should remove once elements after execution","duration":7.244899999999916,"failureMessages":[],"meta":{}}],"startTime":1759405838286,"endTime":1759405838371.2449,"status":"passed","message":"","name":"C:/Users/Patrick/invokers/test/and-then-simple.test.ts"},{"assertionResults":[{"ancestorTitles":["Attribute and Data Commands with Interpolation","Attribute Commands with Interpolation"],"fullName":"Attribute and Data Commands with Interpolation Attribute Commands with Interpolation should interpolate expressions in attr:set values","status":"passed","title":"should interpolate expressions in attr:set values","duration":24.485000000000127,"failureMessages":[],"meta":{}},{"ancestorTitles":["Attribute and Data Commands with Interpolation","Attribute Commands with Interpolation"],"fullName":"Attribute and Data Commands with Interpolation Attribute Commands with Interpolation should interpolate complex expressions in attr:set","status":"passed","title":"should interpolate complex expressions in attr:set","duration":9.765900000000329,"failureMessages":[],"meta":{}},{"ancestorTitles":["Attribute and Data Commands with Interpolation","Attribute Commands with Interpolation"],"fullName":"Attribute and Data Commands with Interpolation Attribute Commands with Interpolation should interpolate with this.dataset in attr:set","status":"passed","title":"should interpolate with this.dataset in attr:set","duration":6.241599999999835,"failureMessages":[],"meta":{}},{"ancestorTitles":["Attribute and Data Commands with Interpolation","Attribute Commands with Interpolation"],"fullName":"Attribute and Data Commands with Interpolation Attribute Commands with Interpolation should handle escaping in attr:set values","status":"passed","title":"should handle escaping in attr:set values","duration":4.5417999999999665,"failureMessages":[],"meta":{}},{"ancestorTitles":["Attribute and Data Commands with Interpolation","Attribute Commands with Interpolation"],"fullName":"Attribute and Data Commands with Interpolation Attribute Commands with Interpolation should interpolate in attr:toggle values","status":"passed","title":"should interpolate in attr:toggle values","duration":11.495100000000093,"failureMessages":[],"meta":{}},{"ancestorTitles":["Attribute and Data Commands with Interpolation","Attribute Commands with Interpolation"],"fullName":"Attribute and Data Commands with Interpolation Attribute Commands with Interpolation should handle undefined interpolation gracefully","status":"passed","title":"should handle undefined interpolation gracefully","duration":4.161000000000058,"failureMessages":[],"meta":{}},{"ancestorTitles":["Attribute and Data Commands with Interpolation","Data Commands with Interpolation"],"fullName":"Attribute and Data Commands with Interpolation Data Commands with Interpolation should interpolate expressions in data:set values","status":"passed","title":"should interpolate expressions in data:set values","duration":5.464300000000094,"failureMessages":[],"meta":{}},{"ancestorTitles":["Attribute and Data Commands with Interpolation","Data Commands with Interpolation"],"fullName":"Attribute and Data Commands with Interpolation Data Commands with Interpolation should interpolate with this properties in data:set","status":"passed","title":"should interpolate with this properties in data:set","duration":4.508600000000115,"failureMessages":[],"meta":{}},{"ancestorTitles":["Attribute and Data Commands with Interpolation","Data Commands with Interpolation"],"fullName":"Attribute and Data Commands with Interpolation Data Commands with Interpolation should handle array operations with interpolation","status":"passed","title":"should handle array operations with interpolation","duration":6.371799999999894,"failureMessages":[],"meta":{}},{"ancestorTitles":["Attribute and Data Commands with Interpolation","Data Commands with Interpolation"],"fullName":"Attribute and Data Commands with Interpolation Data Commands with Interpolation should interpolate in data:set:array:update","status":"passed","title":"should interpolate in data:set:array:update","duration":4.4309000000002925,"failureMessages":[],"meta":{}},{"ancestorTitles":["Attribute and Data Commands with Interpolation","Edge Cases and Escaping"],"fullName":"Attribute and Data Commands with Interpolation Edge Cases and Escaping should handle colons in interpolated strings","status":"passed","title":"should handle colons in interpolated strings","duration":4.340099999999893,"failureMessages":[],"meta":{}},{"ancestorTitles":["Attribute and Data Commands with Interpolation","Edge Cases and Escaping"],"fullName":"Attribute and Data Commands with Interpolation Edge Cases and Escaping should handle quotes in interpolated strings","status":"passed","title":"should handle quotes in interpolated strings","duration":3.0198999999997795,"failureMessages":[],"meta":{}},{"ancestorTitles":["Attribute and Data Commands with Interpolation","Edge Cases and Escaping"],"fullName":"Attribute and Data Commands with Interpolation Edge Cases and Escaping should handle complex nested expressions","status":"passed","title":"should handle complex nested expressions","duration":3.358100000000377,"failureMessages":[],"meta":{}},{"ancestorTitles":["Attribute and Data Commands with Interpolation","Edge Cases and Escaping"],"fullName":"Attribute and Data Commands with Interpolation Edge Cases and Escaping should handle empty interpolation results","status":"passed","title":"should handle empty interpolation results","duration":3.358099999999922,"failureMessages":[],"meta":{}},{"ancestorTitles":["Attribute and Data Commands with Interpolation","Edge Cases and Escaping"],"fullName":"Attribute and Data Commands with Interpolation Edge Cases and Escaping should handle interpolation with special characters","status":"passed","title":"should handle interpolation with special characters","duration":3.06919999999991,"failureMessages":[],"meta":{}},{"ancestorTitles":["Attribute and Data Commands with Interpolation","Integration with Command Chaining"],"fullName":"Attribute and Data Commands with Interpolation Integration with Command Chaining should work with data-and-then chaining","status":"passed","title":"should work with data-and-then chaining","duration":506.0632999999998,"failureMessages":[],"meta":{}}],"startTime":1759405836170,"endTime":1759405836776.0632,"status":"passed","message":"","name":"C:/Users/Patrick/invokers/test/attribute-interpolation.test.ts"},{"assertionResults":[{"ancestorTitles":["Bind Command Demo Integration Tests","Basic Value Binding"],"fullName":"Bind Command Demo Integration Tests Basic Value Binding should bind input value to output element","status":"passed","title":"should bind input value to output element","duration":76.21010000000024,"failureMessages":[],"meta":{}},{"ancestorTitles":["Bind Command Demo Integration Tests","Basic Value Binding"],"fullName":"Bind Command Demo Integration Tests Basic Value Binding should update binding when input changes","status":"passed","title":"should update binding when input changes","duration":48.20640000000003,"failureMessages":[],"meta":{}},{"ancestorTitles":["Bind Command Demo Integration Tests","Different Property Types"],"fullName":"Bind Command Demo Integration Tests Different Property Types should bind text content","status":"passed","title":"should bind text content","duration":33.37689999999975,"failureMessages":[],"meta":{}},{"ancestorTitles":["Bind Command Demo Integration Tests","Different Property Types"],"fullName":"Bind Command Demo Integration Tests Different Property Types should bind HTML content with sanitization","status":"passed","title":"should bind HTML content with sanitization","duration":35.39840000000004,"failureMessages":[],"meta":{}},{"ancestorTitles":["Bind Command Demo Integration Tests","Attribute and Data Binding"],"fullName":"Bind Command Demo Integration Tests Attribute and Data Binding should bind to data attributes on body","status":"passed","title":"should bind to data attributes on body","duration":23.716899999999896,"failureMessages":[],"meta":{}},{"ancestorTitles":["Bind Command Demo Integration Tests","Attribute and Data Binding"],"fullName":"Bind Command Demo Integration Tests Attribute and Data Binding should add CSS classes dynamically","status":"passed","title":"should add CSS classes dynamically","duration":9.23889999999983,"failureMessages":[],"meta":{}},{"ancestorTitles":["Bind Command Demo Integration Tests","Attribute and Data Binding"],"fullName":"Bind Command Demo Integration Tests Attribute and Data Binding should remove CSS classes","status":"passed","title":"should remove CSS classes","duration":27.55470000000014,"failureMessages":[],"meta":{}},{"ancestorTitles":["Bind Command Demo Integration Tests","Advanced Selectors"],"fullName":"Bind Command Demo Integration Tests Advanced Selectors should bind to closest ancestor","status":"passed","title":"should bind to closest ancestor","duration":29.582600000000184,"failureMessages":[],"meta":{}},{"ancestorTitles":["Bind Command Demo Integration Tests","Advanced Selectors"],"fullName":"Bind Command Demo Integration Tests Advanced Selectors should bind to multiple targets","status":"passed","title":"should bind to multiple targets","duration":33.88599999999997,"failureMessages":[],"meta":{}},{"ancestorTitles":["Bind Command Demo Integration Tests","Command Chaining"],"fullName":"Bind Command Demo Integration Tests Command Chaining should chain bind with class toggle","status":"passed","title":"should chain bind with class toggle","duration":22.02709999999979,"failureMessages":[],"meta":{}},{"ancestorTitles":["Bind Command Demo Integration Tests","Real-World Edit-in-Place Pattern"],"fullName":"Bind Command Demo Integration Tests Real-World Edit-in-Place Pattern should switch to edit mode and populate form fields","status":"passed","title":"should switch to edit mode and populate form fields","duration":54.21690000000035,"failureMessages":[],"meta":{}},{"ancestorTitles":["Bind Command Demo Integration Tests","Real-World Edit-in-Place Pattern"],"fullName":"Bind Command Demo Integration Tests Real-World Edit-in-Place Pattern should save changes and switch back to view mode","status":"passed","title":"should save changes and switch back to view mode","duration":44.82709999999997,"failureMessages":[],"meta":{}},{"ancestorTitles":["Bind Command Demo Integration Tests","Template Interpolation"],"fullName":"Bind Command Demo Integration Tests Template Interpolation should interpolate data attributes in templates","status":"passed","title":"should interpolate data attributes in templates","duration":23.125300000000152,"failureMessages":[],"meta":{}},{"ancestorTitles":["Bind Command Demo Integration Tests","Error Handling"],"fullName":"Bind Command Demo Integration Tests Error Handling should handle invalid bind properties gracefully","status":"passed","title":"should handle invalid bind properties gracefully","duration":4.859200000000328,"failureMessages":[],"meta":{}},{"ancestorTitles":["Bind Command Demo Integration Tests","Error Handling"],"fullName":"Bind Command Demo Integration Tests Error Handling should handle missing target elements gracefully","status":"passed","title":"should handle missing target elements gracefully","duration":4.474500000000262,"failureMessages":[],"meta":{}}],"startTime":1759405833177,"endTime":1759405833650.4746,"status":"passed","message":"","name":"C:/Users/Patrick/invokers/test/bind-command-demo.test.ts"},{"assertionResults":[{"ancestorTitles":["Clean Enhanced Attribute-Based Chaining","Universal Chaining (data-and-then)"],"fullName":"Clean Enhanced Attribute-Based Chaining Universal Chaining (data-and-then) should execute chained command after primary command","status":"passed","title":"should execute chained command after primary command","duration":17.9079999999999,"failureMessages":[],"meta":{}},{"ancestorTitles":["Clean Enhanced Attribute-Based Chaining","Conditional Chaining"],"fullName":"Clean Enhanced Attribute-Based Chaining Conditional Chaining should execute success commands on successful execution","status":"passed","title":"should execute success commands on successful execution","duration":4.4452000000001135,"failureMessages":[],"meta":{}},{"ancestorTitles":["Clean Enhanced Attribute-Based Chaining","Conditional Chaining"],"fullName":"Clean Enhanced Attribute-Based Chaining Conditional Chaining should execute error commands on failed execution","status":"failed","title":"should execute error commands on failed execution","duration":13.758100000000013,"failureMessages":["AssertionError: expected '' to be 'error chain executed' // Object.is equality\n    at C:\\Users\\Patrick\\invokers\\test\\clean.test.ts:109:38\n    at runNextTicks (node:internal/process/task_queues:65:5)\n    at processTimers (node:internal/timers:540:9)\n    at file:///C:/Users/Patrick/invokers/node_modules/@vitest/runner/dist/index.js:533:5\n    at runTest (file:///C:/Users/Patrick/invokers/node_modules/@vitest/runner/dist/index.js:1056:11)\n    at runSuite (file:///C:/Users/Patrick/invokers/node_modules/@vitest/runner/dist/index.js:1205:15)\n    at runSuite (file:///C:/Users/Patrick/invokers/node_modules/@vitest/runner/dist/index.js:1205:15)\n    at runSuite (file:///C:/Users/Patrick/invokers/node_modules/@vitest/runner/dist/index.js:1205:15)\n    at runFiles (file:///C:/Users/Patrick/invokers/node_modules/@vitest/runner/dist/index.js:1262:5)\n    at startTests (file:///C:/Users/Patrick/invokers/node_modules/@vitest/runner/dist/index.js:1271:3)"],"meta":{}}],"startTime":1759405838259,"endTime":1759405838295.758,"status":"failed","message":"","name":"C:/Users/Patrick/invokers/test/clean.test.ts"},{"assertionResults":[{"ancestorTitles":["Comprehensive Demo Features","Event Handling & Interpolation"],"fullName":"Comprehensive Demo Features Event Handling & Interpolation should have input element with command binding","status":"passed","title":"should have input element with command binding","duration":5.125,"failureMessages":[],"meta":{}},{"ancestorTitles":["Comprehensive Demo Features","Event Handling & Interpolation"],"fullName":"Comprehensive Demo Features Event Handling & Interpolation should have display element for interpolation","status":"passed","title":"should have display element for interpolation","duration":1.658600000000206,"failureMessages":[],"meta":{}},{"ancestorTitles":["Comprehensive Demo Features","Event Handling & Interpolation"],"fullName":"Comprehensive Demo Features Event Handling & Interpolation should have counter button with proper attributes","status":"passed","title":"should have counter button with proper attributes","duration":3.5642000000002554,"failureMessages":[],"meta":{}},{"ancestorTitles":["Comprehensive Demo Features","Event Handling & Interpolation"],"fullName":"Comprehensive Demo Features Event Handling & Interpolation should have counter display element","status":"passed","title":"should have counter display element","duration":0.7040999999999258,"failureMessages":[],"meta":{}},{"ancestorTitles":["Comprehensive Demo Features","Async Operations"],"fullName":"Comprehensive Demo Features Async Operations should have API fetch button with proper attributes","status":"passed","title":"should have API fetch button with proper attributes","duration":2.7671000000000276,"failureMessages":[],"meta":{}},{"ancestorTitles":["Comprehensive Demo Features","Async Operations"],"fullName":"Comprehensive Demo Features Async Operations should have error simulation button","status":"passed","title":"should have error simulation button","duration":2.227300000000014,"failureMessages":[],"meta":{}},{"ancestorTitles":["Comprehensive Demo Features","Async Operations"],"fullName":"Comprehensive Demo Features Async Operations should have promise chain button","status":"passed","title":"should have promise chain button","duration":2.3623999999999796,"failureMessages":[],"meta":{}},{"ancestorTitles":["Comprehensive Demo Features","Async Operations"],"fullName":"Comprehensive Demo Features Async Operations should have API result display area","status":"passed","title":"should have API result display area","duration":0.5358000000001084,"failureMessages":[],"meta":{}},{"ancestorTitles":["Comprehensive Demo Features","Component Communication"],"fullName":"Comprehensive Demo Features Component Communication should have shared input with data binding","status":"passed","title":"should have shared input with data binding","duration":0.633600000000115,"failureMessages":[],"meta":{}},{"ancestorTitles":["Comprehensive Demo Features","Component Communication"],"fullName":"Comprehensive Demo Features Component Communication should have multiple component displays","status":"passed","title":"should have multiple component displays","duration":6.802400000000034,"failureMessages":[],"meta":{}},{"ancestorTitles":["Comprehensive Demo Features","Component Communication"],"fullName":"Comprehensive Demo Features Component Communication should have event publishing button","status":"passed","title":"should have event publishing button","duration":2.3372000000003936,"failureMessages":[],"meta":{}},{"ancestorTitles":["Comprehensive Demo Features","Library Integration"],"fullName":"Comprehensive Demo Features Library Integration should have Chart.js integration elements","status":"passed","title":"should have Chart.js integration elements","duration":2.6463999999996304,"failureMessages":[],"meta":{}},{"ancestorTitles":["Comprehensive Demo Features","Library Integration"],"fullName":"Comprehensive Demo Features Library Integration should have GitHub API integration button","status":"passed","title":"should have GitHub API integration button","duration":2.2229999999999563,"failureMessages":[],"meta":{}},{"ancestorTitles":["Comprehensive Demo Features","Advanced Templating"],"fullName":"Comprehensive Demo Features Advanced Templating should have template loading button","status":"passed","title":"should have template loading button","duration":1.8034999999999854,"failureMessages":[],"meta":{}},{"ancestorTitles":["Comprehensive Demo Features","Advanced Templating"],"fullName":"Comprehensive Demo Features Advanced Templating should have conditional rendering select","status":"passed","title":"should have conditional rendering select","duration":1.5470000000000255,"failureMessages":[],"meta":{}},{"ancestorTitles":["Comprehensive Demo Features","Advanced Templating"],"fullName":"Comprehensive Demo Features Advanced Templating should have template elements defined","status":"passed","title":"should have template elements defined","duration":2.6851000000001477,"failureMessages":[],"meta":{}},{"ancestorTitles":["Comprehensive Demo Features","Programmatic Triggering"],"fullName":"Comprehensive Demo Features Programmatic Triggering should have programmatic demo buttons","status":"passed","title":"should have programmatic demo buttons","duration":4.389900000000125,"failureMessages":[],"meta":{}},{"ancestorTitles":["Comprehensive Demo Features","Programmatic Triggering"],"fullName":"Comprehensive Demo Features Programmatic Triggering should have command queuing button","status":"passed","title":"should have command queuing button","duration":2.5247000000003936,"failureMessages":[],"meta":{}},{"ancestorTitles":["Comprehensive Demo Features","Error Handling"],"fullName":"Comprehensive Demo Features Error Handling should have error testing buttons","status":"passed","title":"should have error testing buttons","duration":5.956000000000131,"failureMessages":[],"meta":{}},{"ancestorTitles":["Comprehensive Demo Features","Error Handling"],"fullName":"Comprehensive Demo Features Error Handling should have debug mode toggle","status":"passed","title":"should have debug mode toggle","duration":2.1091999999998734,"failureMessages":[],"meta":{}},{"ancestorTitles":["Comprehensive Demo Features","DOM Integration"],"fullName":"Comprehensive Demo Features DOM Integration should have all required DOM elements","status":"passed","title":"should have all required DOM elements","duration":0.6001000000001113,"failureMessages":[],"meta":{}},{"ancestorTitles":["Comprehensive Demo Features","DOM Integration"],"fullName":"Comprehensive Demo Features DOM Integration should have proper CSS styling","status":"passed","title":"should have proper CSS styling","duration":0.47670000000016444,"failureMessages":[],"meta":{}},{"ancestorTitles":["Comprehensive Demo Features","DOM Integration"],"fullName":"Comprehensive Demo Features DOM Integration should have Chart.js script loaded","status":"passed","title":"should have Chart.js script loaded","duration":0.6773000000002867,"failureMessages":[],"meta":{}},{"ancestorTitles":["Comprehensive Demo Features","DOM Integration"],"fullName":"Comprehensive Demo Features DOM Integration should have Invokers library loaded","status":"passed","title":"should have Invokers library loaded","duration":0.3690999999998894,"failureMessages":[],"meta":{}},{"ancestorTitles":["Comprehensive Demo Features","Demo Structure & Features"],"fullName":"Comprehensive Demo Features Demo Structure & Features should have comprehensive feature sections","status":"passed","title":"should have comprehensive feature sections","duration":4.891000000000076,"failureMessages":[],"meta":{}},{"ancestorTitles":["Comprehensive Demo Features","Demo Structure & Features"],"fullName":"Comprehensive Demo Features Demo Structure & Features should have interactive elements throughout","status":"passed","title":"should have interactive elements throughout","duration":3.8353000000001884,"failureMessages":[],"meta":{}},{"ancestorTitles":["Comprehensive Demo Features","Demo Structure & Features"],"fullName":"Comprehensive Demo Features Demo Structure & Features should have proper accessibility attributes","status":"passed","title":"should have proper accessibility attributes","duration":1.2204000000001543,"failureMessages":[],"meta":{}},{"ancestorTitles":["Comprehensive Demo Features","Demo Structure & Features"],"fullName":"Comprehensive Demo Features Demo Structure & Features should demonstrate data flow concepts","status":"passed","title":"should demonstrate data flow concepts","duration":1.9031999999997424,"failureMessages":[],"meta":{}},{"ancestorTitles":["Comprehensive Demo Features","Functional Tests"],"fullName":"Comprehensive Demo Features Functional Tests should be able to click demo command buttons without errors","status":"passed","title":"should be able to click demo command buttons without errors","duration":107.14909999999963,"failureMessages":[],"meta":{}}],"startTime":1759405833084,"endTime":1759405833262.1492,"status":"passed","message":"","name":"C:/Users/Patrick/invokers/test/comprehensive-demo.test.ts"},{"assertionResults":[{"ancestorTitles":["Core Commands","Text Commands"],"fullName":"Core Commands Text Commands should set text content","status":"passed","title":"should set text content","duration":14.71270000000004,"failureMessages":[],"meta":{}},{"ancestorTitles":["Core Commands","Text Commands"],"fullName":"Core Commands Text Commands should append text content","status":"passed","title":"should append text content","duration":6.5482999999999265,"failureMessages":[],"meta":{}},{"ancestorTitles":["Core Commands","Text Commands"],"fullName":"Core Commands Text Commands should prepend text content","status":"passed","title":"should prepend text content","duration":3.1737000000000535,"failureMessages":[],"meta":{}},{"ancestorTitles":["Core Commands","Text Commands"],"fullName":"Core Commands Text Commands should clear text content","status":"passed","title":"should clear text content","duration":2.695299999999861,"failureMessages":[],"meta":{}},{"ancestorTitles":["Core Commands","Attribute Commands"],"fullName":"Core Commands Attribute Commands should set attributes","status":"passed","title":"should set attributes","duration":3.110200000000077,"failureMessages":[],"meta":{}},{"ancestorTitles":["Core Commands","Attribute Commands"],"fullName":"Core Commands Attribute Commands should remove attributes","status":"passed","title":"should remove attributes","duration":3.1552999999998974,"failureMessages":[],"meta":{}},{"ancestorTitles":["Core Commands","Attribute Commands"],"fullName":"Core Commands Attribute Commands should toggle attributes","status":"passed","title":"should toggle attributes","duration":3.4338000000000193,"failureMessages":[],"meta":{}},{"ancestorTitles":["Core Commands","Class Commands"],"fullName":"Core Commands Class Commands should add classes","status":"passed","title":"should add classes","duration":2.8793000000000575,"failureMessages":[],"meta":{}},{"ancestorTitles":["Core Commands","Class Commands"],"fullName":"Core Commands Class Commands should remove classes","status":"passed","title":"should remove classes","duration":2.4941999999998643,"failureMessages":[],"meta":{}},{"ancestorTitles":["Core Commands","Class Commands"],"fullName":"Core Commands Class Commands should toggle classes","status":"passed","title":"should toggle classes","duration":2.285699999999906,"failureMessages":[],"meta":{}},{"ancestorTitles":["Core Commands","Visibility Commands"],"fullName":"Core Commands Visibility Commands should show elements","status":"passed","title":"should show elements","duration":3.9588000000001102,"failureMessages":[],"meta":{}},{"ancestorTitles":["Core Commands","Visibility Commands"],"fullName":"Core Commands Visibility Commands should hide elements","status":"passed","title":"should hide elements","duration":2.096599999999853,"failureMessages":[],"meta":{}},{"ancestorTitles":["Core Commands","Visibility Commands"],"fullName":"Core Commands Visibility Commands should toggle visibility","status":"passed","title":"should toggle visibility","duration":2.7999999999999545,"failureMessages":[],"meta":{}}],"startTime":1759405837947,"endTime":1759405838001.8,"status":"passed","message":"","name":"C:/Users/Patrick/invokers/test/core-commands.test.ts"},{"assertionResults":[{"ancestorTitles":["Data Commands","--data:set command"],"fullName":"Data Commands --data:set command should set data attribute on target element","status":"passed","title":"should set data attribute on target element","duration":25.08080000000018,"failureMessages":[],"meta":{}},{"ancestorTitles":["Data Commands","--data:set command"],"fullName":"Data Commands --data:set command should dispatch custom event when data is set","status":"passed","title":"should dispatch custom event when data is set","duration":14.175200000000132,"failureMessages":[],"meta":{}},{"ancestorTitles":["Data Commands","--data:set command"],"fullName":"Data Commands --data:set command should interpolate expressions in data values","status":"passed","title":"should interpolate expressions in data values","duration":11.720000000000255,"failureMessages":[],"meta":{}},{"ancestorTitles":["Data Commands","--data:set command"],"fullName":"Data Commands --data:set command should interpolate with parent element data","status":"passed","title":"should interpolate with parent element data","duration":5.4746000000000095,"failureMessages":[],"meta":{}},{"ancestorTitles":["Data Commands","--data:set command"],"fullName":"Data Commands --data:set command should handle data binding with data-bind-to and data-bind-as","status":"passed","title":"should handle data binding with data-bind-to and data-bind-as","duration":4.729200000000219,"failureMessages":[],"meta":{}},{"ancestorTitles":["Data Commands","--data:set command"],"fullName":"Data Commands --data:set command should dispatch events on bound elements","status":"passed","title":"should dispatch events on bound elements","duration":5.5229999999996835,"failureMessages":[],"meta":{}},{"ancestorTitles":["Data Commands","--data:set command"],"fullName":"Data Commands --data:set command should interpolate bindTo and bindAs attributes","status":"passed","title":"should interpolate bindTo and bindAs attributes","duration":5.41190000000006,"failureMessages":[],"meta":{}},{"ancestorTitles":["Data Commands","--data:set command"],"fullName":"Data Commands --data:set command should handle different bindAs types","status":"passed","title":"should handle different bindAs types","duration":8.054700000000139,"failureMessages":[],"meta":{}},{"ancestorTitles":["Data Commands","--data:set command"],"fullName":"Data Commands --data:set command should handle attr: bindAs type","status":"passed","title":"should handle attr: bindAs type","duration":5.794399999999769,"failureMessages":[],"meta":{}},{"ancestorTitles":["Data Commands","--data:set command"],"fullName":"Data Commands --data:set command should handle text bindAs type","status":"passed","title":"should handle text bindAs type","duration":7.017700000000332,"failureMessages":[],"meta":{}},{"ancestorTitles":["Data Commands","--data:set command"],"fullName":"Data Commands --data:set command should work with complex selectors in bindTo","status":"passed","title":"should work with complex selectors in bindTo","duration":10.301100000000133,"failureMessages":[],"meta":{}},{"ancestorTitles":["Data Commands","--data:set command"],"fullName":"Data Commands --data:set command should handle missing bind targets gracefully","status":"passed","title":"should handle missing bind targets gracefully","duration":6.546399999999721,"failureMessages":[],"meta":{}},{"ancestorTitles":["Data Commands","--data:set command"],"fullName":"Data Commands --data:set command should handle invalid bindAs gracefully","status":"passed","title":"should handle invalid bindAs gracefully","duration":5.557800000000043,"failureMessages":[],"meta":{}},{"ancestorTitles":["Data Commands","Event dispatching"],"fullName":"Data Commands Event dispatching should dispatch events with correct detail format","status":"passed","title":"should dispatch events with correct detail format","duration":5.938500000000204,"failureMessages":[],"meta":{}},{"ancestorTitles":["Data Commands","Event dispatching"],"fullName":"Data Commands Event dispatching should dispatch events even when binding fails","status":"passed","title":"should dispatch events even when binding fails","duration":4.241800000000239,"failureMessages":[],"meta":{}}],"startTime":1759405835732,"endTime":1759405835858.2417,"status":"passed","message":"","name":"C:/Users/Patrick/invokers/test/data-commands.test.ts"},{"assertionResults":[{"ancestorTitles":["Device Commands","--device:vibrate command"],"fullName":"Device Commands --device:vibrate command should vibrate with single duration","status":"passed","title":"should vibrate with single duration","duration":31.73779999999988,"failureMessages":[],"meta":{}},{"ancestorTitles":["Device Commands","--device:vibrate command"],"fullName":"Device Commands --device:vibrate command should vibrate with pattern","status":"passed","title":"should vibrate with pattern","duration":6.18769999999995,"failureMessages":[],"meta":{}},{"ancestorTitles":["Device Commands","--device:vibrate command"],"fullName":"Device Commands --device:vibrate command should handle unsupported vibration API","status":"passed","title":"should handle unsupported vibration API","duration":8.378400000000056,"failureMessages":[],"meta":{}},{"ancestorTitles":["Device Commands","--device:vibrate command"],"fullName":"Device Commands --device:vibrate command should throw error for missing pattern","status":"passed","title":"should throw error for missing pattern","duration":23.360499999999774,"failureMessages":[],"meta":{}},{"ancestorTitles":["Device Commands","--device:share command"],"fullName":"Device Commands --device:share command should share content successfully","status":"passed","title":"should share content successfully","duration":5.746299999999792,"failureMessages":[],"meta":{}},{"ancestorTitles":["Device Commands","--device:share command"],"fullName":"Device Commands --device:share command should handle share cancellation","status":"passed","title":"should handle share cancellation","duration":4.401900000000296,"failureMessages":[],"meta":{}},{"ancestorTitles":["Device Commands","--device:share command"],"fullName":"Device Commands --device:share command should handle unsupported share API","status":"passed","title":"should handle unsupported share API","duration":4.3134000000000015,"failureMessages":[],"meta":{}},{"ancestorTitles":["Device Commands","--device:geolocation:get command"],"fullName":"Device Commands --device:geolocation:get command should get geolocation successfully","status":"passed","title":"should get geolocation successfully","duration":9.227899999999863,"failureMessages":[],"meta":{}},{"ancestorTitles":["Device Commands","--device:geolocation:get command"],"fullName":"Device Commands --device:geolocation:get command should handle geolocation permission denied","status":"passed","title":"should handle geolocation permission denied","duration":13.16879999999992,"failureMessages":[],"meta":{}},{"ancestorTitles":["Device Commands","--device:geolocation:get command"],"fullName":"Device Commands --device:geolocation:get command should handle unsupported geolocation API","status":"passed","title":"should handle unsupported geolocation API","duration":15.364399999999932,"failureMessages":[],"meta":{}},{"ancestorTitles":["Device Commands","--device:battery:get command"],"fullName":"Device Commands --device:battery:get command should get battery status","status":"passed","title":"should get battery status","duration":15.259599999999864,"failureMessages":[],"meta":{}},{"ancestorTitles":["Device Commands","--device:battery:get command"],"fullName":"Device Commands --device:battery:get command should handle unsupported battery API","status":"passed","title":"should handle unsupported battery API","duration":15.366899999999987,"failureMessages":[],"meta":{}},{"ancestorTitles":["Device Commands","--device:clipboard:read command"],"fullName":"Device Commands --device:clipboard:read command should read from clipboard","status":"passed","title":"should read from clipboard","duration":16.295599999999922,"failureMessages":[],"meta":{}},{"ancestorTitles":["Device Commands","--device:clipboard:read command"],"fullName":"Device Commands --device:clipboard:read command should handle clipboard read failure","status":"passed","title":"should handle clipboard read failure","duration":15.656500000000051,"failureMessages":[],"meta":{}},{"ancestorTitles":["Device Commands","--device:clipboard:write command"],"fullName":"Device Commands --device:clipboard:write command should write to clipboard","status":"passed","title":"should write to clipboard","duration":14.087500000000091,"failureMessages":[],"meta":{}},{"ancestorTitles":["Device Commands","--device:clipboard:write command"],"fullName":"Device Commands --device:clipboard:write command should throw error for missing text","status":"passed","title":"should throw error for missing text","duration":4.017599999999675,"failureMessages":[],"meta":{}},{"ancestorTitles":["Device Commands","--device:wake-lock command"],"fullName":"Device Commands --device:wake-lock command should request wake lock","status":"passed","title":"should request wake lock","duration":11.697900000000118,"failureMessages":[],"meta":{}},{"ancestorTitles":["Device Commands","--device:wake-lock command"],"fullName":"Device Commands --device:wake-lock command should handle wake lock failure","status":"passed","title":"should handle wake lock failure","duration":4.911600000000362,"failureMessages":[],"meta":{}},{"ancestorTitles":["Device Commands","--device:wake-lock:release command"],"fullName":"Device Commands --device:wake-lock:release command should release wake lock","status":"passed","title":"should release wake lock","duration":4.495600000000195,"failureMessages":[],"meta":{}}],"startTime":1759405832944,"endTime":1759405833169.4956,"status":"passed","message":"","name":"C:/Users/Patrick/invokers/test/device-commands.test.ts"},{"assertionResults":[{"ancestorTitles":["--emit command demo functionality"],"fullName":"--emit command demo functionality should dispatch user-action event to document.body and catch it on window","status":"passed","title":"should dispatch user-action event to document.body and catch it on window","duration":55.77330000000029,"failureMessages":[],"meta":{}},{"ancestorTitles":["--emit command demo functionality"],"fullName":"--emit command demo functionality should dispatch navigation event to document.body and catch it on window","status":"passed","title":"should dispatch navigation event to document.body and catch it on window","duration":15.784799999999905,"failureMessages":[],"meta":{}},{"ancestorTitles":["--emit command demo functionality"],"fullName":"--emit command demo functionality should dispatch events with complex detail objects","status":"passed","title":"should dispatch events with complex detail objects","duration":9.719500000000153,"failureMessages":[],"meta":{}},{"ancestorTitles":["--emit command demo functionality"],"fullName":"--emit command demo functionality should work without commandfor (fallback to document.body)","status":"passed","title":"should work without commandfor (fallback to document.body)","duration":12.521600000000035,"failureMessages":[],"meta":{}},{"ancestorTitles":["--emit command demo functionality"],"fullName":"--emit command demo functionality should handle multiple events in sequence","status":"passed","title":"should handle multiple events in sequence","duration":28.762699999999768,"failureMessages":[],"meta":{}}],"startTime":1759405836524,"endTime":1759405836646.7627,"status":"passed","message":"","name":"C:/Users/Patrick/invokers/test/emit-demo.test.ts"},{"assertionResults":[{"ancestorTitles":["Enhanced Error Handling & Debugging","Command Registration Validation"],"fullName":"Enhanced Error Handling & Debugging Command Registration Validation should reject invalid command names","status":"passed","title":"should reject invalid command names","duration":8.317699999999604,"failureMessages":[],"meta":{}},{"ancestorTitles":["Enhanced Error Handling & Debugging","Command Registration Validation"],"fullName":"Enhanced Error Handling & Debugging Command Registration Validation should reject invalid callbacks","status":"passed","title":"should reject invalid callbacks","duration":2.589300000000094,"failureMessages":[],"meta":{}},{"ancestorTitles":["Enhanced Error Handling & Debugging","Command Registration Validation"],"fullName":"Enhanced Error Handling & Debugging Command Registration Validation should warn about command overwrites","status":"passed","title":"should warn about command overwrites","duration":3.852300000000014,"failureMessages":[],"meta":{}},{"ancestorTitles":["Enhanced Error Handling & Debugging","Command Registration Validation"],"fullName":"Enhanced Error Handling & Debugging Command Registration Validation should prevent registration of native command conflicts","status":"passed","title":"should prevent registration of native command conflicts","duration":2.647899999999936,"failureMessages":[],"meta":{}},{"ancestorTitles":["Enhanced Error Handling & Debugging","Command Execution Validation"],"fullName":"Enhanced Error Handling & Debugging Command Execution Validation should handle missing target elements gracefully","status":"passed","title":"should handle missing target elements gracefully","duration":12.08010000000013,"failureMessages":[],"meta":{}},{"ancestorTitles":["Enhanced Error Handling & Debugging","Command Execution Validation"],"fullName":"Enhanced Error Handling & Debugging Command Execution Validation should provide suggestions for unknown commands","status":"passed","title":"should provide suggestions for unknown commands","duration":10.47970000000032,"failureMessages":[],"meta":{}},{"ancestorTitles":["Enhanced Error Handling & Debugging","Command Execution Validation"],"fullName":"Enhanced Error Handling & Debugging Command Execution Validation should handle invalid command parameters","status":"passed","title":"should handle invalid command parameters","duration":10.649899999999889,"failureMessages":[],"meta":{}},{"ancestorTitles":["Enhanced Error Handling & Debugging","Performance Monitoring"],"fullName":"Enhanced Error Handling & Debugging Performance Monitoring should track execution statistics","status":"passed","title":"should track execution statistics","duration":8.520800000000236,"failureMessages":[],"meta":{}},{"ancestorTitles":["Enhanced Error Handling & Debugging","Performance Monitoring"],"fullName":"Enhanced Error Handling & Debugging Performance Monitoring should prevent excessive command execution","status":"passed","title":"should prevent excessive command execution","duration":8.623499999999694,"failureMessages":[],"meta":{}},{"ancestorTitles":["Enhanced Error Handling & Debugging","Error Recovery & Graceful Degradation"],"fullName":"Enhanced Error Handling & Debugging Error Recovery & Graceful Degradation should maintain ARIA state after command failure","status":"passed","title":"should maintain ARIA state after command failure","duration":18.91760000000022,"failureMessages":[],"meta":{}},{"ancestorTitles":["Enhanced Error Handling & Debugging","Error Recovery & Graceful Degradation"],"fullName":"Enhanced Error Handling & Debugging Error Recovery & Graceful Degradation should re-enable disabled buttons after failure","status":"passed","title":"should re-enable disabled buttons after failure","duration":13.86259999999993,"failureMessages":[],"meta":{}},{"ancestorTitles":["Enhanced Error Handling & Debugging","Validation Utilities"],"fullName":"Enhanced Error Handling & Debugging Validation Utilities should validate elements correctly","status":"passed","title":"should validate elements correctly","duration":3.523899999999685,"failureMessages":[],"meta":{}},{"ancestorTitles":["Enhanced Error Handling & Debugging","Validation Utilities"],"fullName":"Enhanced Error Handling & Debugging Validation Utilities should create detailed error objects","status":"passed","title":"should create detailed error objects","duration":1.0702000000001135,"failureMessages":[],"meta":{}},{"ancestorTitles":["Enhanced Error Handling & Debugging","Debug Mode"],"fullName":"Enhanced Error Handling & Debugging Debug Mode should provide additional logging in debug mode","status":"passed","title":"should provide additional logging in debug mode","duration":3.1550999999999476,"failureMessages":[],"meta":{}},{"ancestorTitles":["Enhanced Error Handling & Debugging","Debug Mode"],"fullName":"Enhanced Error Handling & Debugging Debug Mode should provide registered commands list","status":"passed","title":"should provide registered commands list","duration":1.826600000000326,"failureMessages":[],"meta":{}}],"startTime":1759405836173,"endTime":1759405836284.8267,"status":"passed","message":"","name":"C:/Users/Patrick/invokers/test/error-handling.test.ts"},{"assertionResults":[{"ancestorTitles":["Expression Evaluation","Literals"],"fullName":"Expression Evaluation Literals should evaluate numbers","status":"passed","title":"should evaluate numbers","duration":3.205200000000332,"failureMessages":[],"meta":{}},{"ancestorTitles":["Expression Evaluation","Literals"],"fullName":"Expression Evaluation Literals should evaluate strings","status":"passed","title":"should evaluate strings","duration":0.4329999999999927,"failureMessages":[],"meta":{}},{"ancestorTitles":["Expression Evaluation","Literals"],"fullName":"Expression Evaluation Literals should evaluate booleans","status":"passed","title":"should evaluate booleans","duration":0.31870000000026266,"failureMessages":[],"meta":{}},{"ancestorTitles":["Expression Evaluation","Literals"],"fullName":"Expression Evaluation Literals should evaluate null","status":"passed","title":"should evaluate null","duration":0.1928000000002612,"failureMessages":[],"meta":{}},{"ancestorTitles":["Expression Evaluation","Property Access"],"fullName":"Expression Evaluation Property Access should access this properties","status":"passed","title":"should access this properties","duration":0.6214999999997417,"failureMessages":[],"meta":{}},{"ancestorTitles":["Expression Evaluation","Property Access"],"fullName":"Expression Evaluation Property Access should access nested properties","status":"passed","title":"should access nested properties","duration":0.3130999999998494,"failureMessages":[],"meta":{}},{"ancestorTitles":["Expression Evaluation","Property Access"],"fullName":"Expression Evaluation Property Access should handle array access","status":"passed","title":"should handle array access","duration":0.5010000000002037,"failureMessages":[],"meta":{}},{"ancestorTitles":["Expression Evaluation","Arithmetic Operations"],"fullName":"Expression Evaluation Arithmetic Operations should perform addition","status":"passed","title":"should perform addition","duration":0.4351000000001477,"failureMessages":[],"meta":{}},{"ancestorTitles":["Expression Evaluation","Arithmetic Operations"],"fullName":"Expression Evaluation Arithmetic Operations should perform subtraction","status":"passed","title":"should perform subtraction","duration":0.3530000000000655,"failureMessages":[],"meta":{}},{"ancestorTitles":["Expression Evaluation","Arithmetic Operations"],"fullName":"Expression Evaluation Arithmetic Operations should perform multiplication","status":"passed","title":"should perform multiplication","duration":0.28119999999989886,"failureMessages":[],"meta":{}},{"ancestorTitles":["Expression Evaluation","Arithmetic Operations"],"fullName":"Expression Evaluation Arithmetic Operations should perform division","status":"passed","title":"should perform division","duration":0.23549999999977445,"failureMessages":[],"meta":{}},{"ancestorTitles":["Expression Evaluation","Arithmetic Operations"],"fullName":"Expression Evaluation Arithmetic Operations should perform modulo","status":"passed","title":"should perform modulo","duration":0.26539999999977226,"failureMessages":[],"meta":{}},{"ancestorTitles":["Expression Evaluation","Comparison Operations"],"fullName":"Expression Evaluation Comparison Operations should perform equality comparisons","status":"passed","title":"should perform equality comparisons","duration":0.3297000000002299,"failureMessages":[],"meta":{}},{"ancestorTitles":["Expression Evaluation","Comparison Operations"],"fullName":"Expression Evaluation Comparison Operations should perform inequality comparisons","status":"passed","title":"should perform inequality comparisons","duration":0.2932999999998174,"failureMessages":[],"meta":{}},{"ancestorTitles":["Expression Evaluation","Comparison Operations"],"fullName":"Expression Evaluation Comparison Operations should perform relational comparisons","status":"passed","title":"should perform relational comparisons","duration":0.3305000000000291,"failureMessages":[],"meta":{}},{"ancestorTitles":["Expression Evaluation","Logical Operations"],"fullName":"Expression Evaluation Logical Operations should perform logical AND","status":"passed","title":"should perform logical AND","duration":0.3786000000000058,"failureMessages":[],"meta":{}},{"ancestorTitles":["Expression Evaluation","Logical Operations"],"fullName":"Expression Evaluation Logical Operations should perform logical OR","status":"passed","title":"should perform logical OR","duration":0.37079999999969004,"failureMessages":[],"meta":{}},{"ancestorTitles":["Expression Evaluation","Unary Operations"],"fullName":"Expression Evaluation Unary Operations should perform logical NOT","status":"passed","title":"should perform logical NOT","duration":0.4238000000000284,"failureMessages":[],"meta":{}},{"ancestorTitles":["Expression Evaluation","Unary Operations"],"fullName":"Expression Evaluation Unary Operations should perform unary minus","status":"passed","title":"should perform unary minus","duration":0.25779999999986103,"failureMessages":[],"meta":{}},{"ancestorTitles":["Expression Evaluation","Conditional (Ternary) Operations"],"fullName":"Expression Evaluation Conditional (Ternary) Operations should evaluate conditional expressions","status":"passed","title":"should evaluate conditional expressions","duration":0.4596000000001368,"failureMessages":[],"meta":{}},{"ancestorTitles":["Expression Evaluation","Conditional (Ternary) Operations"],"fullName":"Expression Evaluation Conditional (Ternary) Operations should handle nested conditionals","status":"passed","title":"should handle nested conditionals","duration":0.22149999999965075,"failureMessages":[],"meta":{}},{"ancestorTitles":["Expression Evaluation","Complex Expressions"],"fullName":"Expression Evaluation Complex Expressions should evaluate complex expressions","status":"passed","title":"should evaluate complex expressions","duration":0.5951000000000022,"failureMessages":[],"meta":{}},{"ancestorTitles":["Expression Evaluation","Error Handling"],"fullName":"Expression Evaluation Error Handling should handle division by zero","status":"passed","title":"should handle division by zero","duration":1.1152999999999338,"failureMessages":[],"meta":{}},{"ancestorTitles":["Expression Evaluation","Error Handling"],"fullName":"Expression Evaluation Error Handling should handle invalid expressions gracefully","status":"passed","title":"should handle invalid expressions gracefully","duration":0.5485999999996238,"failureMessages":[],"meta":{}},{"ancestorTitles":["Expression Evaluation","Edge Cases and Complex Scenarios","Nested Property Access"],"fullName":"Expression Evaluation Edge Cases and Complex Scenarios Nested Property Access should handle deeply nested property chains","status":"passed","title":"should handle deeply nested property chains","duration":0.5567999999998392,"failureMessages":[],"meta":{}},{"ancestorTitles":["Expression Evaluation","Edge Cases and Complex Scenarios","Nested Property Access"],"fullName":"Expression Evaluation Edge Cases and Complex Scenarios Nested Property Access should handle property access on undefined intermediates","status":"passed","title":"should handle property access on undefined intermediates","duration":0.427599999999984,"failureMessages":[],"meta":{}},{"ancestorTitles":["Expression Evaluation","Edge Cases and Complex Scenarios","Complex Operator Precedence"],"fullName":"Expression Evaluation Edge Cases and Complex Scenarios Complex Operator Precedence should handle mixed arithmetic and comparison operators","status":"passed","title":"should handle mixed arithmetic and comparison operators","duration":0.3865000000000691,"failureMessages":[],"meta":{}},{"ancestorTitles":["Expression Evaluation","Edge Cases and Complex Scenarios","Complex Operator Precedence"],"fullName":"Expression Evaluation Edge Cases and Complex Scenarios Complex Operator Precedence should handle logical operator precedence","status":"passed","title":"should handle logical operator precedence","duration":0.4351999999998952,"failureMessages":[],"meta":{}},{"ancestorTitles":["Expression Evaluation","Edge Cases and Complex Scenarios","Complex Operator Precedence"],"fullName":"Expression Evaluation Edge Cases and Complex Scenarios Complex Operator Precedence should handle unary operators with precedence","status":"passed","title":"should handle unary operators with precedence","duration":0.3079999999999927,"failureMessages":[],"meta":{}},{"ancestorTitles":["Expression Evaluation","Edge Cases and Complex Scenarios","String Operations"],"fullName":"Expression Evaluation Edge Cases and Complex Scenarios String Operations should handle string property access","status":"passed","title":"should handle string property access","duration":0.28330000000005384,"failureMessages":[],"meta":{}},{"ancestorTitles":["Expression Evaluation","Edge Cases and Complex Scenarios","String Operations"],"fullName":"Expression Evaluation Edge Cases and Complex Scenarios String Operations should handle string concatenation via addition","status":"passed","title":"should handle string concatenation via addition","duration":0.28589999999985594,"failureMessages":[],"meta":{}},{"ancestorTitles":["Expression Evaluation","Edge Cases and Complex Scenarios","Array Access Edge Cases"],"fullName":"Expression Evaluation Edge Cases and Complex Scenarios Array Access Edge Cases should handle array access with expressions","status":"passed","title":"should handle array access with expressions","duration":0.2298000000000684,"failureMessages":[],"meta":{}},{"ancestorTitles":["Expression Evaluation","Edge Cases and Complex Scenarios","Array Access Edge Cases"],"fullName":"Expression Evaluation Edge Cases and Complex Scenarios Array Access Edge Cases should handle out-of-bounds array access","status":"passed","title":"should handle out-of-bounds array access","duration":0.2553000000002612,"failureMessages":[],"meta":{}},{"ancestorTitles":["Expression Evaluation","Edge Cases and Complex Scenarios","Array Access Edge Cases"],"fullName":"Expression Evaluation Edge Cases and Complex Scenarios Array Access Edge Cases should handle nested array access","status":"passed","title":"should handle nested array access","duration":0.31670000000030996,"failureMessages":[],"meta":{}},{"ancestorTitles":["Expression Evaluation","Edge Cases and Complex Scenarios","Ternary Operator Edge Cases"],"fullName":"Expression Evaluation Edge Cases and Complex Scenarios Ternary Operator Edge Cases should handle nested ternary operators","status":"passed","title":"should handle nested ternary operators","duration":0.2713999999996304,"failureMessages":[],"meta":{}},{"ancestorTitles":["Expression Evaluation","Edge Cases and Complex Scenarios","Ternary Operator Edge Cases"],"fullName":"Expression Evaluation Edge Cases and Complex Scenarios Ternary Operator Edge Cases should handle ternary with complex conditions","status":"passed","title":"should handle ternary with complex conditions","duration":0.2442999999998392,"failureMessages":[],"meta":{}},{"ancestorTitles":["Expression Evaluation","Edge Cases and Complex Scenarios","Ternary Operator Edge Cases"],"fullName":"Expression Evaluation Edge Cases and Complex Scenarios Ternary Operator Edge Cases sh
[...]
us":"passed","title":"should return empty array for non-existent IDs","duration":2.626399999999876,"failureMessages":[],"meta":{}},{"ancestorTitles":["Target Resolver","Global CSS Selectors"],"fullName":"Target Resolver Global CSS Selectors should resolve class selectors","status":"passed","title":"should resolve class selectors","duration":13.470600000000104,"failureMessages":[],"meta":{}},{"ancestorTitles":["Target Resolver","Global CSS Selectors"],"fullName":"Target Resolver Global CSS Selectors should resolve complex selectors","status":"passed","title":"should resolve complex selectors","duration":8.94380000000001,"failureMessages":[],"meta":{}},{"ancestorTitles":["Target Resolver","Global CSS Selectors"],"fullName":"Target Resolver Global CSS Selectors should return empty array for invalid selectors","status":"passed","title":"should return empty array for invalid selectors","duration":10.971199999999953,"failureMessages":[],"meta":{}},{"ancestorTitles":["Target Resolver","Contextual Selectors","@closest()"],"fullName":"Target Resolver Contextual Selectors @closest() should find closest ancestor matching selector","status":"passed","title":"should find closest ancestor matching selector","duration":3.464300000000094,"failureMessages":[],"meta":{}},{"ancestorTitles":["Target Resolver","Contextual Selectors","@closest()"],"fullName":"Target Resolver Contextual Selectors @closest() should return empty array if no matching ancestor found","status":"passed","title":"should return empty array if no matching ancestor found","duration":1.737100000000055,"failureMessages":[],"meta":{}},{"ancestorTitles":["Target Resolver","Contextual Selectors","@child()"],"fullName":"Target Resolver Contextual Selectors @child() should find first child matching selector","status":"passed","title":"should find first child matching selector","duration":2.3062999999999647,"failureMessages":[],"meta":{}},{"ancestorTitles":["Target Resolver","Contextual Selectors","@child()"],"fullName":"Target Resolver Contextual Selectors @child() should return empty array if no matching child found","status":"passed","title":"should return empty array if no matching child found","duration":1.8992000000000644,"failureMessages":[],"meta":{}},{"ancestorTitles":["Target Resolver","Contextual Selectors","@children()"],"fullName":"Target Resolver Contextual Selectors @children() should find all children matching selector","status":"passed","title":"should find all children matching selector","duration":3.1240000000000236,"failureMessages":[],"meta":{}},{"ancestorTitles":["Target Resolver","Contextual Selectors","@children()"],"fullName":"Target Resolver Contextual Selectors @children() should return empty array if no matching children found","status":"passed","title":"should return empty array if no matching children found","duration":1.7255999999999858,"failureMessages":[],"meta":{}},{"ancestorTitles":["Target Resolver","Contextual Selectors"],"fullName":"Target Resolver Contextual Selectors should return empty array for invalid @ syntax","status":"passed","title":"should return empty array for invalid @ syntax","duration":2.6476000000000113,"failureMessages":[],"meta":{}},{"ancestorTitles":["Target Resolver","Contextual Selectors"],"fullName":"Target Resolver Contextual Selectors should return empty array for malformed @ selectors","status":"passed","title":"should return empty array for malformed @ selectors","duration":1.5872999999999138,"failureMessages":[],"meta":{}},{"ancestorTitles":["Target Resolver","Edge Cases"],"fullName":"Target Resolver Edge Cases should handle empty selectors","status":"passed","title":"should handle empty selectors","duration":2.547399999999925,"failureMessages":[],"meta":{}},{"ancestorTitles":["Target Resolver","Edge Cases"],"fullName":"Target Resolver Edge Cases should handle whitespace-only selectors","status":"passed","title":"should handle whitespace-only selectors","duration":2.0924999999999727,"failureMessages":[],"meta":{}},{"ancestorTitles":["Target Resolver","Edge Cases"],"fullName":"Target Resolver Edge Cases should handle selectors with special characters that are still valid IDs","status":"passed","title":"should handle selectors with special characters that are still valid IDs","duration":1.5504000000000815,"failureMessages":[],"meta":{}}],"startTime":1759405837872,"endTime":1759405837942.5503,"status":"passed","message":"","name":"C:/Users/Patrick/invokers/test/target-resolver.test.ts"},{"assertionResults":[{"ancestorTitles":["Class Ternary, Interpolation, and Built-in Commands","--class:ternary"],"fullName":"Class Ternary, Interpolation, and Built-in Commands --class:ternary should apply classIfTrue when condition \"has-content\" is true","status":"passed","title":"should apply classIfTrue when condition \"has-content\" is true","duration":21.626400000000103,"failureMessages":[],"meta":{}},{"ancestorTitles":["Class Ternary, Interpolation, and Built-in Commands","--class:ternary"],"fullName":"Class Ternary, Interpolation, and Built-in Commands --class:ternary should apply classIfFalse when condition \"has-content\" is false","status":"passed","title":"should apply classIfFalse when condition \"has-content\" is false","duration":6.710399999999936,"failureMessages":[],"meta":{}},{"ancestorTitles":["Class Ternary, Interpolation, and Built-in Commands","--class:ternary"],"fullName":"Class Ternary, Interpolation, and Built-in Commands --class:ternary should apply classIfTrue when condition \"has-no-content\" is false","status":"passed","title":"should apply classIfTrue when condition \"has-no-content\" is false","duration":5.092000000000098,"failureMessages":[],"meta":{}},{"ancestorTitles":["Class Ternary, Interpolation, and Built-in Commands","--class:ternary"],"fullName":"Class Ternary, Interpolation, and Built-in Commands --class:ternary should handle whitespace-only content as no content","status":"passed","title":"should handle whitespace-only content as no content","duration":3.7416000000002896,"failureMessages":[],"meta":{}},{"ancestorTitles":["Class Ternary, Interpolation, and Built-in Commands","--class:ternary"],"fullName":"Class Ternary, Interpolation, and Built-in Commands --class:ternary should warn when missing required parameters","status":"passed","title":"should warn when missing required parameters","duration":8.076799999999821,"failureMessages":[],"meta":{}},{"ancestorTitles":["Class Ternary, Interpolation, and Built-in Commands","Expressions and Interpolations"],"fullName":"Class Ternary, Interpolation, and Built-in Commands Expressions and Interpolations should interpolate {{...}} expressions in command attributes","status":"passed","title":"should interpolate {{...}} expressions in command attributes","duration":4.351700000000164,"failureMessages":[],"meta":{}},{"ancestorTitles":["Class Ternary, Interpolation, and Built-in Commands","Expressions and Interpolations"],"fullName":"Class Ternary, Interpolation, and Built-in Commands Expressions and Interpolations should interpolate data attributes in commands","status":"passed","title":"should interpolate data attributes in commands","duration":3.858799999999974,"failureMessages":[],"meta":{}},{"ancestorTitles":["Class Ternary, Interpolation, and Built-in Commands","Expressions and Interpolations"],"fullName":"Class Ternary, Interpolation, and Built-in Commands Expressions and Interpolations should handle command-on with interpolation","status":"passed","title":"should handle command-on with interpolation","duration":13.199899999999616,"failureMessages":[],"meta":{}},{"ancestorTitles":["Class Ternary, Interpolation, and Built-in Commands","Built-in Commands - Clear Operations"],"fullName":"Class Ternary, Interpolation, and Built-in Commands Built-in Commands - Clear Operations should clear all CSS classes with --class:clear","status":"passed","title":"should clear all CSS classes with --class:clear","duration":4.072000000000116,"failureMessages":[],"meta":{}},{"ancestorTitles":["Class Ternary, Interpolation, and Built-in Commands","Built-in Commands - Clear Operations"],"fullName":"Class Ternary, Interpolation, and Built-in Commands Built-in Commands - Clear Operations should clear text content with --text:clear","status":"passed","title":"should clear text content with --text:clear","duration":2.801400000000285,"failureMessages":[],"meta":{}},{"ancestorTitles":["Class Ternary, Interpolation, and Built-in Commands","Built-in Commands - Clear Operations"],"fullName":"Class Ternary, Interpolation, and Built-in Commands Built-in Commands - Clear Operations should clear input value with --value:clear","status":"passed","title":"should clear input value with --value:clear","duration":2.6544999999996435,"failureMessages":[],"meta":{}},{"ancestorTitles":["Class Ternary, Interpolation, and Built-in Commands","Complex Scenarios"],"fullName":"Class Ternary, Interpolation, and Built-in Commands Complex Scenarios should combine ternary class application with interpolation","status":"passed","title":"should combine ternary class application with interpolation","duration":4.400700000000143,"failureMessages":[],"meta":{}},{"ancestorTitles":["Class Ternary, Interpolation, and Built-in Commands","Complex Scenarios"],"fullName":"Class Ternary, Interpolation, and Built-in Commands Complex Scenarios should chain clear commands with ternary","status":"passed","title":"should chain clear commands with ternary","duration":4.333000000000084,"failureMessages":[],"meta":{}}],"startTime":1759405835650,"endTime":1759405835736.333,"status":"passed","message":"","name":"C:/Users/Patrick/invokers/test/ternary-interpolation-commands.test.ts"},{"assertionResults":[{"ancestorTitles":["URL Commands (--url)","URL Parameter Commands"],"fullName":"URL Commands (--url) URL Parameter Commands should register URL commands","status":"passed","title":"should register URL commands","duration":24.766900000000078,"failureMessages":[],"meta":{}},{"ancestorTitles":["URL Commands (--url)","URL Parameter Commands"],"fullName":"URL Commands (--url) URL Parameter Commands should get URL parameter value","status":"passed","title":"should get URL parameter value","duration":22.242399999999634,"failureMessages":[],"meta":{}},{"ancestorTitles":["URL Commands (--url)","URL Parameter Commands"],"fullName":"URL Commands (--url) URL Parameter Commands should set URL parameter with name and value in command","status":"passed","title":"should set URL parameter with name and value in command","duration":17.009799999999814,"failureMessages":[],"meta":{}},{"ancestorTitles":["URL Commands (--url)","URL Parameter Commands"],"fullName":"URL Commands (--url) URL Parameter Commands should set URL parameter with name from command and value from target element","status":"passed","title":"should set URL parameter with name from command and value from target element","duration":22.103000000000065,"failureMessages":[],"meta":{}},{"ancestorTitles":["URL Commands (--url)","URL Parameter Commands"],"fullName":"URL Commands (--url) URL Parameter Commands should set URL parameter with name from data attribute and value from target","status":"passed","title":"should set URL parameter with name from data attribute and value from target","duration":9.406100000000151,"failureMessages":[],"meta":{}},{"ancestorTitles":["URL Commands (--url)","URL Parameter Commands"],"fullName":"URL Commands (--url) URL Parameter Commands should delete URL parameter","status":"passed","title":"should delete URL parameter","duration":23.89160000000038,"failureMessages":[],"meta":{}},{"ancestorTitles":["URL Commands (--url)","URL Parameter Commands"],"fullName":"URL Commands (--url) URL Parameter Commands should clear all URL parameters","status":"passed","title":"should clear all URL parameters","duration":21.094500000000153,"failureMessages":[],"meta":{}},{"ancestorTitles":["URL Commands (--url)","URL Parameter Commands"],"fullName":"URL Commands (--url) URL Parameter Commands should get all URL parameters as JSON","status":"passed","title":"should get all URL parameters as JSON","duration":19.377899999999954,"failureMessages":[],"meta":{}},{"ancestorTitles":["URL Commands (--url)","URL Hash Commands"],"fullName":"URL Commands (--url) URL Hash Commands should get current hash","status":"passed","title":"should get current hash","duration":24.49980000000005,"failureMessages":[],"meta":{}},{"ancestorTitles":["URL Commands (--url)","URL Hash Commands"],"fullName":"URL Commands (--url) URL Hash Commands should set hash","status":"passed","title":"should set hash","duration":12.780299999999897,"failureMessages":[],"meta":{}},{"ancestorTitles":["URL Commands (--url)","URL Hash Commands"],"fullName":"URL Commands (--url) URL Hash Commands should set hash from input element value","status":"passed","title":"should set hash from input element value","duration":4.9990999999999985,"failureMessages":[],"meta":{}},{"ancestorTitles":["URL Commands (--url)","URL Hash Commands"],"fullName":"URL Commands (--url) URL Hash Commands should clear hash","status":"passed","title":"should clear hash","duration":15.990099999999984,"failureMessages":[],"meta":{}},{"ancestorTitles":["URL Commands (--url)","URL Pathname Commands"],"fullName":"URL Commands (--url) URL Pathname Commands should get current pathname","status":"passed","title":"should get current pathname","duration":5.8233000000000175,"failureMessages":[],"meta":{}},{"ancestorTitles":["URL Commands (--url)","URL Pathname Commands"],"fullName":"URL Commands (--url) URL Pathname Commands should set pathname","status":"passed","title":"should set pathname","duration":6.167699999999968,"failureMessages":[],"meta":{}},{"ancestorTitles":["URL Commands (--url)","URL Pathname Commands"],"fullName":"URL Commands (--url) URL Pathname Commands should set pathname from input element value","status":"passed","title":"should set pathname from input element value","duration":26.540800000000218,"failureMessages":[],"meta":{}},{"ancestorTitles":["URL Commands (--url)","URL Pathname Commands"],"fullName":"URL Commands (--url) URL Pathname Commands should set hash from textarea element value","status":"passed","title":"should set hash from textarea element value","duration":5.137000000000171,"failureMessages":[],"meta":{}},{"ancestorTitles":["URL Commands (--url)","URL Pathname Commands"],"fullName":"URL Commands (--url) URL Pathname Commands should set pathname from textarea element value","status":"passed","title":"should set pathname from textarea element value","duration":19.21289999999999,"failureMessages":[],"meta":{}},{"ancestorTitles":["URL Commands (--url)","URL Navigation Commands"],"fullName":"URL Commands (--url) URL Navigation Commands should navigate to new URL","status":"passed","title":"should navigate to new URL","duration":20.947000000000116,"failureMessages":[],"meta":{}},{"ancestorTitles":["URL Commands (--url)","URL Navigation Commands"],"fullName":"URL Commands (--url) URL Navigation Commands should replace current URL","status":"passed","title":"should replace current URL","duration":24.725000000000364,"failureMessages":[],"meta":{}},{"ancestorTitles":["URL Commands (--url)","URL Navigation Commands"],"fullName":"URL Commands (--url) URL Navigation Commands should reload the page","status":"passed","title":"should reload the page","duration":29.82490000000007,"failureMessages":[],"meta":{}},{"ancestorTitles":["URL Commands (--url)","URL Command Interpolation"],"fullName":"URL Commands (--url) URL Command Interpolation should interpolate parameter name","status":"passed","title":"should interpolate parameter name","duration":39.456199999999626,"failureMessages":[],"meta":{}},{"ancestorTitles":["URL Commands (--url)","URL Command Interpolation"],"fullName":"URL Commands (--url) URL Command Interpolation should interpolate parameter value","status":"passed","title":"should interpolate parameter value","duration":39.404999999999745,"failureMessages":[],"meta":{}},{"ancestorTitles":["URL Commands (--url)","URL Command Interpolation"],"fullName":"URL Commands (--url) URL Command Interpolation should interpolate hash value","status":"passed","title":"should interpolate hash value","duration":13.100500000000011,"failureMessages":[],"meta":{}},{"ancestorTitles":["URL Commands (--url)","URL Command Interpolation"],"fullName":"URL Commands (--url) URL Command Interpolation should interpolate pathname","status":"passed","title":"should interpolate pathname","duration":13.07609999999977,"failureMessages":[],"meta":{}},{"ancestorTitles":["URL Commands (--url)","URL Command Error Handling"],"fullName":"URL Commands (--url) URL Command Error Handling should throw error for unknown URL action","status":"passed","title":"should throw error for unknown URL action","duration":16.809499999999844,"failureMessages":[],"meta":{}},{"ancestorTitles":["URL Commands (--url)","URL Command Error Handling"],"fullName":"URL Commands (--url) URL Command Error Handling should throw error for params:get without parameter name","status":"passed","title":"should throw error for params:get without parameter name","duration":27.734699999999975,"failureMessages":[],"meta":{}},{"ancestorTitles":["URL Commands (--url)","URL Command Error Handling"],"fullName":"URL Commands (--url) URL Command Error Handling should throw error for params:set without parameters and no data attribute","status":"passed","title":"should throw error for params:set without parameters and no data attribute","duration":6.8542999999999665,"failureMessages":[],"meta":{}},{"ancestorTitles":["URL Commands (--url)","History Commands (--history)"],"fullName":"URL Commands (--url) History Commands (--history) should push to history","status":"passed","title":"should push to history","duration":11.34900000000016,"failureMessages":[],"meta":{}},{"ancestorTitles":["URL Commands (--url)","History Commands (--history)"],"fullName":"URL Commands (--url) History Commands (--history) should replace history","status":"passed","title":"should replace history","duration":6.864000000000033,"failureMessages":[],"meta":{}},{"ancestorTitles":["URL Commands (--url)","History Commands (--history)"],"fullName":"URL Commands (--url) History Commands (--history) should go back in history","status":"passed","title":"should go back in history","duration":8.463900000000194,"failureMessages":[],"meta":{}},{"ancestorTitles":["URL Commands (--url)","History Commands (--history)"],"fullName":"URL Commands (--url) History Commands (--history) should go forward in history","status":"passed","title":"should go forward in history","duration":6.292699999999968,"failureMessages":[],"meta":{}},{"ancestorTitles":["URL Commands (--url)","History Commands (--history)"],"fullName":"URL Commands (--url) History Commands (--history) should go to specific history position","status":"passed","title":"should go to specific history position","duration":14.060799999999745,"failureMessages":[],"meta":{}},{"ancestorTitles":["URL Commands (--url)","History Commands (--history)"],"fullName":"URL Commands (--url) History Commands (--history) should get history state","status":"passed","title":"should get history state","duration":27.82089999999971,"failureMessages":[],"meta":{}},{"ancestorTitles":["URL Commands (--url)","History Commands (--history)"],"fullName":"URL Commands (--url) History Commands (--history) should get history state with shorthand --history:state","status":"passed","title":"should get history state with shorthand --history:state","duration":21.630699999999706,"failureMessages":[],"meta":{}},{"ancestorTitles":["URL Commands (--url)","History Commands (--history)"],"fullName":"URL Commands (--url) History Commands (--history) should set history state","status":"passed","title":"should set history state","duration":36.559299999999894,"failureMessages":[],"meta":{}}],"startTime":1759405833175,"endTime":1759405833823.5593,"status":"passed","message":"","name":"C:/Users/Patrick/invokers/test/url-commands.test.ts"}]}