{"numTotalTestSuites":177,"numPassedTestSuites":163,"numFailedTestSuites":14,"numPendingTestSuites":0,"numTotalTests":376,"numPassedTests":356,"numFailedTests":20,"numPendingTests":0,"numTodoTests":0,"snapshot":{"added":0,"failure":false,"filesAdded":0,"filesRemoved":0,"filesRemovedList":[],"filesUnmatched":0,"filesUpdated":0,"matched":0,"total":0,"unchecked":0,"uncheckedKeysByFile":[],"unmatched":0,"updated":0,"didUpdate":false},"startTime":1758655311937,"success":false,"testResults":[{"assertionResults":[{"ancestorTitles":["Advanced Events","enableAdvancedEvents()"],"fullName":"Advanced Events enableAdvancedEvents() should enable interpolation in InvokerManager","status":"passed","title":"should enable interpolation in InvokerManager","duration":34.67630000000008,"failureMessages":[],"meta":{}},{"ancestorTitles":["Advanced Events","enableAdvancedEvents()"],"fullName":"Advanced Events enableAdvancedEvents() should register interpolation utility on window","status":"passed","title":"should register interpolation utility on window","duration":30.606900000000223,"failureMessages":[],"meta":{}},{"ancestorTitles":["Advanced Events","command-on attribute"],"fullName":"Advanced Events command-on attribute should trigger command on click event","status":"passed","title":"should trigger command on click event","duration":36.08140000000003,"failureMessages":[],"meta":{}},{"ancestorTitles":["Advanced Events","command-on attribute"],"fullName":"Advanced Events command-on attribute should interpolate dynamic data","status":"passed","title":"should interpolate dynamic data","duration":22.407799999999952,"failureMessages":[],"meta":{}},{"ancestorTitles":["Advanced Events","command-on attribute"],"fullName":"Advanced Events command-on attribute should handle event modifiers","status":"passed","title":"should handle event modifiers","duration":22.77559999999994,"failureMessages":[],"meta":{}},{"ancestorTitles":["Advanced Events","data-on-event attribute"],"fullName":"Advanced Events data-on-event attribute should listen for custom events","status":"passed","title":"should listen for custom events","duration":15.277399999999943,"failureMessages":[],"meta":{}},{"ancestorTitles":["Advanced Events","data-on-event attribute"],"fullName":"Advanced Events data-on-event attribute should interpolate event detail data","status":"passed","title":"should interpolate event detail data","duration":24.836899999999787,"failureMessages":[],"meta":{}},{"ancestorTitles":["Advanced Events","interpolation"],"fullName":"Advanced Events interpolation should safely interpolate context variables","status":"passed","title":"should safely interpolate context variables","duration":19.380699999999706,"failureMessages":[],"meta":{}},{"ancestorTitles":["Advanced Events","interpolation"],"fullName":"Advanced Events interpolation should handle undefined/null values safely","status":"passed","title":"should handle undefined/null values safely","duration":7.548600000000079,"failureMessages":[],"meta":{}},{"ancestorTitles":["Advanced Events","interpolation"],"fullName":"Advanced Events interpolation should handle nested object access","status":"passed","title":"should handle nested object access","duration":6.398400000000038,"failureMessages":[],"meta":{}},{"ancestorTitles":["Advanced Events","interpolation"],"fullName":"Advanced Events interpolation should interpolate templates in --dom:swap command","status":"passed","title":"should interpolate templates in --dom:swap command","duration":18.64930000000004,"failureMessages":[],"meta":{}},{"ancestorTitles":["Advanced Events","--emit command"],"fullName":"Advanced Events --emit command should emit custom events with JSON detail and update target via commandfor","status":"passed","title":"should emit custom events with JSON detail and update target via commandfor","duration":15.916099999999915,"failureMessages":[],"meta":{}},{"ancestorTitles":["Advanced Events","tree-shaking"],"fullName":"Advanced Events tree-shaking should not include advanced event code when enableAdvancedEvents is not called","status":"passed","title":"should not include advanced event code when enableAdvancedEvents is not called","duration":7.710899999999583,"failureMessages":[],"meta":{}}],"startTime":1758655314932,"endTime":1758655315211.711,"status":"passed","message":"","name":"C:/Users/Patrick/invokers/test/advanced-events.test.ts"},{"assertionResults":[{"ancestorTitles":["Advanced Templating","Template Processing"],"fullName":"Advanced Templating Template Processing should inject data into template using data-with-json and data-tpl-* attributes","status":"passed","title":"should inject data into template using data-with-json and data-tpl-* attributes","duration":48.43849999999975,"failureMessages":[],"meta":{}},{"ancestorTitles":["Advanced Templating","Template Processing"],"fullName":"Advanced Templating Template Processing should handle {{__uid}} placeholder for unique IDs","status":"passed","title":"should handle {{__uid}} placeholder for unique IDs","duration":22.814899999999852,"failureMessages":[],"meta":{}},{"ancestorTitles":["Advanced Templating","Template Processing"],"fullName":"Advanced Templating Template Processing should interpolate values from invoker context","status":"passed","title":"should interpolate values from invoker context","duration":28.503600000000006,"failureMessages":[],"meta":{}},{"ancestorTitles":["Advanced Templating","Template Processing"],"fullName":"Advanced Templating Template Processing should rewrite @closest selectors to use generated IDs","status":"passed","title":"should rewrite @closest selectors to use generated IDs","duration":43.58020000000033,"failureMessages":[],"meta":{}},{"ancestorTitles":["Advanced Templating","Template Processing"],"fullName":"Advanced Templating Template Processing should handle multiple data-tpl-* attributes","status":"passed","title":"should handle multiple data-tpl-* attributes","duration":33.29099999999971,"failureMessages":[],"meta":{}},{"ancestorTitles":["Advanced Templating","Template Processing"],"fullName":"Advanced Templating Template Processing should gracefully handle invalid JSON in data-with-json","status":"passed","title":"should gracefully handle invalid JSON in data-with-json","duration":17.753400000000056,"failureMessages":[],"meta":{}},{"ancestorTitles":["Advanced Templating","Template Processing"],"fullName":"Advanced Templating Template Processing should work with different DOM commands (prepend, swap, replace)","status":"passed","title":"should work with different DOM commands (prepend, swap, replace)","duration":20.132000000000062,"failureMessages":[],"meta":{}},{"ancestorTitles":["Advanced Templating","Template Processing"],"fullName":"Advanced Templating Template Processing should not process templates when advanced events are not enabled","status":"passed","title":"should not process templates when advanced events are not enabled","duration":8.782999999999902,"failureMessages":[],"meta":{}}],"startTime":1758655314930,"endTime":1758655315153.783,"status":"passed","message":"","name":"C:/Users/Patrick/invokers/test/advanced-templating.test.ts"},{"assertionResults":[{"ancestorTitles":["Simple And-Then Elements"],"fullName":"Simple And-Then Elements should execute and-then element after primary command","status":"passed","title":"should execute and-then element after primary command","duration":13.133499999999913,"failureMessages":[],"meta":{}},{"ancestorTitles":["Simple And-Then Elements"],"fullName":"Simple And-Then Elements should handle delay in and-then elements","status":"passed","title":"should handle delay in and-then elements","duration":65.45399999999995,"failureMessages":[],"meta":{}},{"ancestorTitles":["Simple And-Then Elements"],"fullName":"Simple And-Then Elements should remove once elements after execution","status":"passed","title":"should remove once elements after execution","duration":4.7672999999999774,"failureMessages":[],"meta":{}}],"startTime":1758655316867,"endTime":1758655316950.7673,"status":"passed","message":"","name":"C:/Users/Patrick/invokers/test/and-then-simple.test.ts"},{"assertionResults":[{"ancestorTitles":["Attribute and Data Commands with Interpolation","Attribute Commands with Interpolation"],"fullName":"Attribute and Data Commands with Interpolation Attribute Commands with Interpolation should interpolate expressions in attr:set values","status":"passed","title":"should interpolate expressions in attr:set values","duration":21.085900000000038,"failureMessages":[],"meta":{}},{"ancestorTitles":["Attribute and Data Commands with Interpolation","Attribute Commands with Interpolation"],"fullName":"Attribute and Data Commands with Interpolation Attribute Commands with Interpolation should interpolate complex expressions in attr:set","status":"passed","title":"should interpolate complex expressions in attr:set","duration":7.280999999999949,"failureMessages":[],"meta":{}},{"ancestorTitles":["Attribute and Data Commands with Interpolation","Attribute Commands with Interpolation"],"fullName":"Attribute and Data Commands with Interpolation Attribute Commands with Interpolation should interpolate with this.dataset in attr:set","status":"passed","title":"should interpolate with this.dataset in attr:set","duration":4.645299999999679,"failureMessages":[],"meta":{}},{"ancestorTitles":["Attribute and Data Commands with Interpolation","Attribute Commands with Interpolation"],"fullName":"Attribute and Data Commands with Interpolation Attribute Commands with Interpolation should handle escaping in attr:set values","status":"passed","title":"should handle escaping in attr:set values","duration":3.451600000000326,"failureMessages":[],"meta":{}},{"ancestorTitles":["Attribute and Data Commands with Interpolation","Attribute Commands with Interpolation"],"fullName":"Attribute and Data Commands with Interpolation Attribute Commands with Interpolation should interpolate in attr:toggle values","status":"passed","title":"should interpolate in attr:toggle values","duration":6.6570999999999,"failureMessages":[],"meta":{}},{"ancestorTitles":["Attribute and Data Commands with Interpolation","Attribute Commands with Interpolation"],"fullName":"Attribute and Data Commands with Interpolation Attribute Commands with Interpolation should handle undefined interpolation gracefully","status":"passed","title":"should handle undefined interpolation gracefully","duration":14.220899999999801,"failureMessages":[],"meta":{}},{"ancestorTitles":["Attribute and Data Commands with Interpolation","Data Commands with Interpolation"],"fullName":"Attribute and Data Commands with Interpolation Data Commands with Interpolation should interpolate expressions in data:set values","status":"passed","title":"should interpolate expressions in data:set values","duration":22.045599999999922,"failureMessages":[],"meta":{}},{"ancestorTitles":["Attribute and Data Commands with Interpolation","Data Commands with Interpolation"],"fullName":"Attribute and Data Commands with Interpolation Data Commands with Interpolation should interpolate with this properties in data:set","status":"passed","title":"should interpolate with this properties in data:set","duration":8.576000000000022,"failureMessages":[],"meta":{}},{"ancestorTitles":["Attribute and Data Commands with Interpolation","Data Commands with Interpolation"],"fullName":"Attribute and Data Commands with Interpolation Data Commands with Interpolation should handle array operations with interpolation","status":"passed","title":"should handle array operations with interpolation","duration":5.844900000000052,"failureMessages":[],"meta":{}},{"ancestorTitles":["Attribute and Data Commands with Interpolation","Data Commands with Interpolation"],"fullName":"Attribute and Data Commands with Interpolation Data Commands with Interpolation should interpolate in data:set:array:update","status":"passed","title":"should interpolate in data:set:array:update","duration":6.04320000000007,"failureMessages":[],"meta":{}},{"ancestorTitles":["Attribute and Data Commands with Interpolation","Edge Cases and Escaping"],"fullName":"Attribute and Data Commands with Interpolation Edge Cases and Escaping should handle colons in interpolated strings","status":"passed","title":"should handle colons in interpolated strings","duration":3.6876000000002023,"failureMessages":[],"meta":{}},{"ancestorTitles":["Attribute and Data Commands with Interpolation","Edge Cases and Escaping"],"fullName":"Attribute and Data Commands with Interpolation Edge Cases and Escaping should handle quotes in interpolated strings","status":"passed","title":"should handle quotes in interpolated strings","duration":14.602699999999913,"failureMessages":[],"meta":{}},{"ancestorTitles":["Attribute and Data Commands with Interpolation","Edge Cases and Escaping"],"fullName":"Attribute and Data Commands with Interpolation Edge Cases and Escaping should handle complex nested expressions","status":"passed","title":"should handle complex nested expressions","duration":3.791400000000067,"failureMessages":[],"meta":{}},{"ancestorTitles":["Attribute and Data Commands with Interpolation","Edge Cases and Escaping"],"fullName":"Attribute and Data Commands with Interpolation Edge Cases and Escaping should handle empty interpolation results","status":"passed","title":"should handle empty interpolation results","duration":3.8036999999999352,"failureMessages":[],"meta":{}},{"ancestorTitles":["Attribute and Data Commands with Interpolation","Edge Cases and Escaping"],"fullName":"Attribute and Data Commands with Interpolation Edge Cases and Escaping should handle interpolation with special characters","status":"passed","title":"should handle interpolation with special characters","duration":6.79300000000012,"failureMessages":[],"meta":{}},{"ancestorTitles":["Attribute and Data Commands with Interpolation","Integration with Command Chaining"],"fullName":"Attribute and Data Commands with Interpolation Integration with Command Chaining should work with data-and-then chaining","status":"passed","title":"should work with data-and-then chaining","duration":14.986499999999978,"failureMessages":[],"meta":{}}],"startTime":1758655314930,"endTime":1758655315083.9866,"status":"passed","message":"","name":"C:/Users/Patrick/invokers/test/attribute-interpolation.test.ts"},{"assertionResults":[{"ancestorTitles":["Clean Enhanced Attribute-Based Chaining","Universal Chaining (data-and-then)"],"fullName":"Clean Enhanced Attribute-Based Chaining Universal Chaining (data-and-then) should execute chained command after primary command","status":"passed","title":"should execute chained command after primary command","duration":12.867899999999963,"failureMessages":[],"meta":{}},{"ancestorTitles":["Clean Enhanced Attribute-Based Chaining","Conditional Chaining"],"fullName":"Clean Enhanced Attribute-Based Chaining Conditional Chaining should execute success commands on successful execution","status":"passed","title":"should execute success commands on successful execution","duration":5.228399999999965,"failureMessages":[],"meta":{}},{"ancestorTitles":["Clean Enhanced Attribute-Based Chaining","Conditional Chaining"],"fullName":"Clean Enhanced Attribute-Based Chaining Conditional Chaining should execute error commands on failed execution","status":"passed","title":"should execute error commands on failed execution","duration":5.269600000000082,"failureMessages":[],"meta":{}}],"startTime":1758655316839,"endTime":1758655316863.2695,"status":"passed","message":"","name":"C:/Users/Patrick/invokers/test/clean.test.ts"},{"assertionResults":[{"ancestorTitles":["Comprehensive Demo Features","Event Handling & Interpolation"],"fullName":"Comprehensive Demo Features Event Handling & Interpolation should have input element with command binding","status":"passed","title":"should have input element with command binding","duration":5.882000000000062,"failureMessages":[],"meta":{}},{"ancestorTitles":["Comprehensive Demo Features","Event Handling & Interpolation"],"fullName":"Comprehensive Demo Features Event Handling & Interpolation should have display element for interpolation","status":"passed","title":"should have display element for interpolation","duration":2.0453999999999724,"failureMessages":[],"meta":{}},{"ancestorTitles":["Comprehensive Demo Features","Event Handling & Interpolation"],"fullName":"Comprehensive Demo Features Event Handling & Interpolation should have counter button with proper attributes","status":"passed","title":"should have counter button with proper attributes","duration":6.167200000000321,"failureMessages":[],"meta":{}},{"ancestorTitles":["Comprehensive Demo Features","Event Handling & Interpolation"],"fullName":"Comprehensive Demo Features Event Handling & Interpolation should have counter display element","status":"passed","title":"should have counter display element","duration":1.2433000000000902,"failureMessages":[],"meta":{}},{"ancestorTitles":["Comprehensive Demo Features","Async Operations"],"fullName":"Comprehensive Demo Features Async Operations should have API fetch button with proper attributes","status":"passed","title":"should have API fetch button with proper attributes","duration":2.487799999999879,"failureMessages":[],"meta":{}},{"ancestorTitles":["Comprehensive Demo Features","Async Operations"],"fullName":"Comprehensive Demo Features Async Operations should have error simulation button","status":"passed","title":"should have error simulation button","duration":2.6662999999998647,"failureMessages":[],"meta":{}},{"ancestorTitles":["Comprehensive Demo Features","Async Operations"],"fullName":"Comprehensive Demo Features Async Operations should have promise chain button","status":"passed","title":"should have promise chain button","duration":2.5984000000003107,"failureMessages":[],"meta":{}},{"ancestorTitles":["Comprehensive Demo Features","Async Operations"],"fullName":"Comprehensive Demo Features Async Operations should have API result display area","status":"passed","title":"should have API result display area","duration":0.758900000000267,"failureMessages":[],"meta":{}},{"ancestorTitles":["Comprehensive Demo Features","Component Communication"],"fullName":"Comprehensive Demo Features Component Communication should have shared input with data binding","status":"passed","title":"should have shared input with data binding","duration":6.8882000000003245,"failureMessages":[],"meta":{}},{"ancestorTitles":["Comprehensive Demo Features","Component Communication"],"fullName":"Comprehensive Demo Features Component Communication should have multiple component displays","status":"passed","title":"should have multiple component displays","duration":8.279899999999998,"failureMessages":[],"meta":{}},{"ancestorTitles":["Comprehensive Demo Features","Component Communication"],"fullName":"Comprehensive Demo Features Component Communication should have event publishing button","status":"passed","title":"should have event publishing button","duration":3.963100000000395,"failureMessages":[],"meta":{}},{"ancestorTitles":["Comprehensive Demo Features","Library Integration"],"fullName":"Comprehensive Demo Features Library Integration should have Chart.js integration elements","status":"passed","title":"should have Chart.js integration elements","duration":3.3422999999997955,"failureMessages":[],"meta":{}},{"ancestorTitles":["Comprehensive Demo Features","Library Integration"],"fullName":"Comprehensive Demo Features Library Integration should have GitHub API integration button","status":"passed","title":"should have GitHub API integration button","duration":12.965999999999894,"failureMessages":[],"meta":{}},{"ancestorTitles":["Comprehensive Demo Features","Advanced Templating"],"fullName":"Comprehensive Demo Features Advanced Templating should have template loading button","status":"passed","title":"should have template loading button","duration":7.182199999999739,"failureMessages":[],"meta":{}},{"ancestorTitles":["Comprehensive Demo Features","Advanced Templating"],"fullName":"Comprehensive Demo Features Advanced Templating should have conditional rendering select","status":"passed","title":"should have conditional rendering select","duration":2.0976999999998043,"failureMessages":[],"meta":{}},{"ancestorTitles":["Comprehensive Demo Features","Advanced Templating"],"fullName":"Comprehensive Demo Features Advanced Templating should have template elements defined","status":"passed","title":"should have template elements defined","duration":2.7568999999998596,"failureMessages":[],"meta":{}},{"ancestorTitles":["Comprehensive Demo Features","Programmatic Triggering"],"fullName":"Comprehensive Demo Features Programmatic Triggering should have programmatic demo buttons","status":"passed","title":"should have programmatic demo buttons","duration":6.255999999999858,"failureMessages":[],"meta":{}},{"ancestorTitles":["Comprehensive Demo Features","Programmatic Triggering"],"fullName":"Comprehensive Demo Features Programmatic Triggering should have command queuing button","status":"passed","title":"should have command queuing button","duration":11.915700000000015,"failureMessages":[],"meta":{}},{"ancestorTitles":["Comprehensive Demo Features","Error Handling"],"fullName":"Comprehensive Demo Features Error Handling should have error testing buttons","status":"passed","title":"should have error testing buttons","duration":8.426100000000133,"failureMessages":[],"meta":{}},{"ancestorTitles":["Comprehensive Demo Features","Error Handling"],"fullName":"Comprehensive Demo Features Error Handling should have debug mode toggle","status":"passed","title":"should have debug mode toggle","duration":3.490899999999783,"failureMessages":[],"meta":{}},{"ancestorTitles":["Comprehensive Demo Features","DOM Integration"],"fullName":"Comprehensive Demo Features DOM Integration should have all required DOM elements","status":"passed","title":"should have all required DOM elements","duration":1.0626999999999498,"failureMessages":[],"meta":{}},{"ancestorTitles":["Comprehensive Demo Features","DOM Integration"],"fullName":"Comprehensive Demo Features DOM Integration should have proper CSS styling","status":"passed","title":"should have proper CSS styling","duration":0.866099999999733,"failureMessages":[],"meta":{}},{"ancestorTitles":["Comprehensive Demo Features","DOM Integration"],"fullName":"Comprehensive Demo Features DOM Integration should have Chart.js script loaded","status":"passed","title":"should have Chart.js script loaded","duration":1.0406999999995605,"failureMessages":[],"meta":{}},{"ancestorTitles":["Comprehensive Demo Features","DOM Integration"],"fullName":"Comprehensive Demo Features DOM Integration should have Invokers library loaded","status":"passed","title":"should have Invokers library loaded","duration":0.8954000000003361,"failureMessages":[],"meta":{}},{"ancestorTitles":["Comprehensive Demo Features","Demo Structure & Features"],"fullName":"Comprehensive Demo Features Demo Structure & Features should have comprehensive feature sections","status":"passed","title":"should have comprehensive feature sections","duration":12.598899999999958,"failureMessages":[],"meta":{}},{"ancestorTitles":["Comprehensive Demo Features","Demo Structure & Features"],"fullName":"Comprehensive Demo Features Demo Structure & Features should have interactive elements throughout","status":"passed","title":"should have interactive elements throughout","duration":6.317700000000059,"failureMessages":[],"meta":{}},{"ancestorTitles":["Comprehensive Demo Features","Demo Structure & Features"],"fullName":"Comprehensive Demo Features Demo Structure & Features should have proper accessibility attributes","status":"passed","title":"should have proper accessibility attributes","duration":1.6714999999999236,"failureMessages":[],"meta":{}},{"ancestorTitles":["Comprehensive Demo Features","Demo Structure & Features"],"fullName":"Comprehensive Demo Features Demo Structure & Features should demonstrate data flow concepts","status":"passed","title":"should demonstrate data flow concepts","duration":2.479699999999866,"failureMessages":[],"meta":{}},{"ancestorTitles":["Comprehensive Demo Features","Functional Tests"],"fullName":"Comprehensive Demo Features Functional Tests should be able to click demo command buttons without errors","status":"passed","title":"should be able to click demo command buttons without errors","duration":138.88860000000022,"failureMessages":[],"meta":{}}],"startTime":1758655315193,"endTime":1758655315466.8887,"status":"passed","message":"","name":"C:/Users/Patrick/invokers/test/comprehensive-demo.test.ts"},{"assertionResults":[{"ancestorTitles":["Core Commands","Text Commands"],"fullName":"Core Commands Text Commands should set text content","status":"passed","title":"should set text content","duration":10.538299999999936,"failureMessages":[],"meta":{}},{"ancestorTitles":["Core Commands","Text Commands"],"fullName":"Core Commands Text Commands should append text content","status":"passed","title":"should append text content","duration":4.427699999999959,"failureMessages":[],"meta":{}},{"ancestorTitles":["Core Commands","Text Commands"],"fullName":"Core Commands Text Commands should prepend text content","status":"passed","title":"should prepend text content","duration":2.5814000000000306,"failureMessages":[],"meta":{}},{"ancestorTitles":["Core Commands","Text Commands"],"fullName":"Core Commands Text Commands should clear text content","status":"passed","title":"should clear text content","duration":2.345500000000129,"failureMessages":[],"meta":{}},{"ancestorTitles":["Core Commands","Attribute Commands"],"fullName":"Core Commands Attribute Commands should set attributes","status":"passed","title":"should set attributes","duration":2.4235000000001037,"failureMessages":[],"meta":{}},{"ancestorTitles":["Core Commands","Attribute Commands"],"fullName":"Core Commands Attribute Commands should remove attributes","status":"passed","title":"should remove attributes","duration":2.0572000000001935,"failureMessages":[],"meta":{}},{"ancestorTitles":["Core Commands","Attribute Commands"],"fullName":"Core Commands Attribute Commands should toggle attributes","status":"passed","title":"should toggle attributes","duration":3.162900000000036,"failureMessages":[],"meta":{}},{"ancestorTitles":["Core Commands","Class Commands"],"fullName":"Core Commands Class Commands should add classes","status":"passed","title":"should add classes","duration":4.909800000000132,"failureMessages":[],"meta":{}},{"ancestorTitles":["Core Commands","Class Commands"],"fullName":"Core Commands Class Commands should remove classes","status":"passed","title":"should remove classes","duration":2.555699999999888,"failureMessages":[],"meta":{}},{"ancestorTitles":["Core Commands","Class Commands"],"fullName":"Core Commands Class Commands should toggle classes","status":"passed","title":"should toggle classes","duration":1.874599999999873,"failureMessages":[],"meta":{}},{"ancestorTitles":["Core Commands","Visibility Commands"],"fullName":"Core Commands Visibility Commands should show elements","status":"passed","title":"should show elements","duration":1.9165000000000418,"failureMessages":[],"meta":{}},{"ancestorTitles":["Core Commands","Visibility Commands"],"fullName":"Core Commands Visibility Commands should hide elements","status":"passed","title":"should hide elements","duration":0.9430999999999585,"failureMessages":[],"meta":{}},{"ancestorTitles":["Core Commands","Visibility Commands"],"fullName":"Core Commands Visibility Commands should toggle visibility","status":"passed","title":"should toggle visibility","duration":1.1428999999998268,"failureMessages":[],"meta":{}}],"startTime":1758655316832,"endTime":1758655316874.1428,"status":"passed","message":"","name":"C:/Users/Patrick/invokers/test/core-commands.test.ts"},{"assertionResults":[{"ancestorTitles":["Enhanced Error Handling & Debugging","Command Registration Validation"],"fullName":"Enhanced Error Handling & Debugging Command Registration Validation should reject invalid command names","status":"passed","title":"should reject invalid command names","duration":7.636300000000119,"failureMessages":[],"meta":{}},{"ancestorTitles":["Enhanced Error Handling & Debugging","Command Registration Validation"],"fullName":"Enhanced Error Handling & Debugging Command Registration Validation should reject invalid callbacks","status":"passed","title":"should reject invalid callbacks","duration":2.520599999999831,"failureMessages":[],"meta":{}},{"ancestorTitles":["Enhanced Error Handling & Debugging","Command Registration Validation"],"fullName":"Enhanced Error Handling & Debugging Command Registration Validation should warn about command overwrites","status":"passed","title":"should warn about command overwrites","duration":4.652799999999843,"failureMessages":[],"meta":{}},{"ancestorTitles":["Enhanced Error Handling & Debugging","Command Registration Validation"],"fullName":"Enhanced Error Handling & Debugging Command Registration Validation should prevent registration of native command conflicts","status":"passed","title":"should prevent registration of native command conflicts","duration":1.4842000000003281,"failureMessages":[],"meta":{}},{"ancestorTitles":["Enhanced Error Handling & Debugging","Command Execution Validation"],"fullName":"Enhanced Error Handling & Debugging Command Execution Validation should handle missing target elements gracefully","status":"passed","title":"should handle missing target elements gracefully","duration":4.577299999999923,"failureMessages":[],"meta":{}},{"ancestorTitles":["Enhanced Error Handling & Debugging","Command Execution Validation"],"fullName":"Enhanced Error Handling & Debugging Command Execution Validation should provide suggestions for unknown commands","status":"passed","title":"should provide suggestions for unknown commands","duration":9.400900000000092,"failureMessages":[],"meta":{}},{"ancestorTitles":["Enhanced Error Handling & Debugging","Command Execution Validation"],"fullName":"Enhanced Error Handling & Debugging Command Execution Validation should handle invalid command parameters","status":"passed","title":"should handle invalid command parameters","duration":6.197200000000066,"failureMessages":[],"meta":{}},{"ancestorTitles":["Enhanced Error Handling & Debugging","Performance Monitoring"],"fullName":"Enhanced Error Handling & Debugging Performance Monitoring should track execution statistics","status":"passed","title":"should track execution statistics","duration":15.607300000000123,"failureMessages":[],"meta":{}},{"ancestorTitles":["Enhanced Error Handling & Debugging","Performance Monitoring"],"fullName":"Enhanced Error Handling & Debugging Performance Monitoring should prevent excessive command execution","status":"passed","title":"should prevent excessive command execution","duration":5.3236000000001695,"failureMessages":[],"meta":{}},{"ancestorTitles":["Enhanced Error Handling & Debugging","Error Recovery & Graceful Degradation"],"fullName":"Enhanced Error Handling & Debugging Error Recovery & Graceful Degradation should maintain ARIA state after command failure","status":"passed","title":"should maintain ARIA state after command failure","duration":30.821399999999812,"failureMessages":[],"meta":{}},{"ancestorTitles":["Enhanced Error Handling & Debugging","Error Recovery & Graceful Degradation"],"fullName":"Enhanced Error Handling & Debugging Error Recovery & Graceful Degradation should re-enable disabled buttons after failure","status":"passed","title":"should re-enable disabled buttons after failure","duration":3107.1528,"failureMessages":[],"meta":{}},{"ancestorTitles":["Enhanced Error Handling & Debugging","Validation Utilities"],"fullName":"Enhanced Error Handling & Debugging Validation Utilities should validate elements correctly","status":"passed","title":"should validate elements correctly","duration":2.121100000000297,"failureMessages":[],"meta":{}},{"ancestorTitles":["Enhanced Error Handling & Debugging","Validation Utilities"],"fullName":"Enhanced Error Handling & Debugging Validation Utilities should create detailed error objects","status":"passed","title":"should create detailed error objects","duration":0.4687000000003536,"failureMessages":[],"meta":{}},{"ancestorTitles":["Enhanced Error Handling & Debugging","Debug Mode"],"fullName":"Enhanced Error Handling & Debugging Debug Mode should provide additional logging in debug mode","status":"passed","title":"should provide additional logging in debug mode","duration":1.1730999999999767,"failureMessages":[],"meta":{}},{"ancestorTitles":["Enhanced Error Handling & Debugging","Debug Mode"],"fullName":"Enhanced Error Handling & Debugging Debug Mode should provide registered commands list","status":"passed","title":"should provide registered commands list","duration":0.5349999999998545,"failureMessages":[],"meta":{}}],"startTime":1758655314901,"endTime":1758655318102.535,"status":"passed","message":"","name":"C:/Users/Patrick/invokers/test/error-handling.test.ts"},{"assertionResults":[{"ancestorTitles":["Expression Evaluation","Literals"],"fullName":"Expression Evaluation Literals should evaluate numbers","status":"passed","title":"should evaluate numbers","duration":3.976599999999962,"failureMessages":[],"meta":{}},{"ancestorTitles":["Expression Evaluation","Literals"],"fullName":"Expression Evaluation Literals should evaluate strings","status":"passed","title":"should evaluate strings","duration":0.4643999999998414,"failureMessages":[],"meta":{}},{"ancestorTitles":["Expression Evaluation","Literals"],"fullName":"Expression Evaluation Literals should evaluate booleans","status":"passed","title":"should evaluate booleans","duration":0.43220000000019354,"failureMessages":[],"meta":{}},{"ancestorTitles":["Expression Evaluation","Literals"],"fullName":"Expression Evaluation Literals should evaluate null","status":"passed","title":"should evaluate null","duration":0.33140000000003056,"failureMessages":[],"meta":{}},{"ancestorTitles":["Expression Evaluation","Property Access"],"fullName":"Expression Evaluation Property Access should access this properties","status":"passed","title":"should access this properties","duration":0.7335000000002765,"failureMessages":[],"meta":{}},{"ancestorTitles":["Expression Evaluation","Property Access"],"fullName":"Expression Evaluation Property Access should access nested properties","status":"passed","title":"should access nested properties","duration":0.4543999999996231,"failureMessages":[],"meta":{}},{"ancestorTitles":["Expression Evaluation","Property Access"],"fullName":"Expression Evaluation Property Access should handle array access","status":"passed","title":"should handle array access","duration":0.649199999999837,"failureMessages":[],"meta":{}},{"ancestorTitles":["Expression Evaluation","Arithmetic Operations"],"fullName":"Expression Evaluation Arithmetic Operations should perform addition","status":"passed","title":"should perform addition","duration":0.7103000000001884,"failureMessages":[],"meta":{}},{"ancestorTitles":["Expression Evaluation","Arithmetic Operations"],"fullName":"Expression Evaluation Arithmetic Operations should perform subtraction","status":"passed","title":"should perform subtraction","duration":0.6368999999999687,"failureMessages":[],"meta":{}},{"ancestorTitles":["Expression Evaluation","Arithmetic Operations"],"fullName":"Expression Evaluation Arithmetic Operations should perform multiplication","status":"passed","title":"should perform multiplication","duration":0.5524000000000342,"failureMessages":[],"meta":{}},{"ancestorTitles":["Expression Evaluation","Arithmetic Operations"],"fullName":"Expression Evaluation Arithmetic Operations should perform division","status":"passed","title":"should perform division","duration":0.6279999999997017,"failureMessages":[],"meta":{}},{"ancestorTitles":["Expression Evaluation","Arithmetic Operations"],"fullName":"Expression Evaluation Arithmetic Operations should perform modulo","status":"passed","title":"should perform modulo","duration":0.7031999999999243,"failureMessages":[],"meta":{}},{"ancestorTitles":["Expression Evaluation","Comparison Operations"],"fullName":"Expression Evaluation Comparison Operations should perform equality comparisons","status":"passed","title":"should perform equality comparisons","duration":0.48500000000012733,"failureMessages":[],"meta":{}},{"ancestorTitles":["Expression Evaluation","Comparison Operations"],"fullName":"Expression Evaluation Comparison Operations should perform inequality comparisons","status":"passed","title":"should perform inequality comparisons","duration":0.5583999999998923,"failureMessages":[],"meta":{}},{"ancestorTitles":["Expression Evaluation","Comparison Operations"],"fullName":"Expression Evaluation Comparison Operations should perform relational comparisons","status":"passed","title":"should perform relational comparisons","duration":0.7002999999999702,"failureMessages":[],"meta":{}},{"ancestorTitles":["Expression Evaluation","Logical Operations"],"fullName":"Expression Evaluation Logical Operations should perform logical AND","status":"passed","title":"should perform logical AND","duration":0.47470000000021173,"failureMessages":[],"meta":{}},{"ancestorTitles":["Expression Evaluation","Logical Operations"],"fullName":"Expression Evaluation Logical Operations should perform logical OR","status":"passed","title":"should perform logical OR","duration":0.40410000000019863,"failureMessages":[],"meta":{}},{"ancestorTitles":["Expression Evaluation","Unary Operations"],"fullName":"Expression Evaluation Unary Operations should perform logical NOT","status":"passed","title":"should perform logical NOT","duration":0.36009999999987485,"failureMessages":[],"meta":{}},{"ancestorTitles":["Expression Evaluation","Unary Operations"],"fullName":"Expression Evaluation Unary Operations should perform unary minus","status":"passed","title":"should perform unary minus","duration":0.1809000000002925,"failureMessages":[],"meta":{}},{"ancestorTitles":["Expression Evaluation","Conditional (Ternary) Operations"],"fullName":"Expression Evaluation Conditional (Ternary) Operations should evaluate conditional expressions","status":"passed","title":"should evaluate conditional expressions","duration":0.47659999999996217,"failureMessages":[],"meta":{}},{"ancestorTitles":["Expression Evaluation","Conditional (Ternary) Operations"],"fullName":"Expression Evaluation Conditional (Ternary) Operations should handle nested conditionals","status":"passed","title":"should handle nested conditionals","duration":0.26450000000022555,"failureMessages":[],"meta":{}},{"ancestorTitles":["Expression Evaluation","Complex Expressions"],"fullName":"Expression Evaluation Complex Expressions should evaluate complex expressions","status":"passed","title":"should evaluate complex expressions","duration":0.6511000000000422,"failureMessages":[],"meta":{}},{"ancestorTitles":["Expression Evaluation","Error Handling"],"fullName":"Expression Evaluation Error Handling should handle division by zero","status":"passed","title":"should handle division by zero","duration":1.1066999999998188,"failureMessages":[],"meta":{}},{"ancestorTitles":["Expression Evaluation","Error Handling"],"fullName":"Expression Evaluation Error Handling should handle invalid expressions gracefully","status":"passed","title":"should handle invalid expressions gracefully","duration":0.3632999999999811,"failureMessages":[],"meta":{}},{"ancestorTitles":["Expression Evaluation","Edge Cases and Complex Scenarios","Nested Property Access"],"fullName":"Expression Evaluation Edge Cases and Complex Scenarios Nested Property Access should handle deeply nested property chains","status":"passed","title":"should handle deeply nested property chains","duration":0.3297000000002299,"failureMessages":[],"meta":{}},{"ancestorTitles":["Expression Evaluation","Edge Cases and Complex Scenarios","Nested Property Access"],"fullName":"Expression Evaluation Edge Cases and Complex Scenarios Nested Property Access should handle property access on undefined intermediates","status":"passed","title":"should handle property access on undefined intermediates","duration":0.26519999999982247,"failureMessages":[],"meta":{}},{"ancestorTitles":["Expression Evaluation","Edge Cases and Complex Scenarios","Complex Operator Precedence"],"fullName":"Expression Evaluation Edge Cases and Complex Scenarios Complex Operator Precedence should handle mixed arithmetic and comparison operators","status":"passed","title":"should handle mixed arithmetic and comparison operators","duration":0.25289999999995416,"failureMessages":[],"meta":{}},{"ancestorTitles":["Expression Evaluation","Edge Cases and Complex Scenarios","Complex Operator Precedence"],"fullName":"Expression Evaluation Edge Cases and Complex Scenarios Complex Operator Precedence should handle logical operator precedence","status":"passed","title":"should handle logical operator precedence","duration":0.3971000000001368,"failureMessages":[],"meta":{}},{"ancestorTitles":["Expression Evaluation","Edge Cases and Complex Scenarios","Complex Operator Precedence"],"fullName":"Expression Evaluation Edge Cases and Complex Scenarios Complex Operator Precedence should handle unary operators with precedence","status":"passed","title":"should handle unary operators with precedence","duration":0.3045000000001892,"failureMessages":[],"meta":{}},{"ancestorTitles":["Expression Evaluation","Edge Cases and Complex Scenarios","String Operations"],"fullName":"Expression Evaluation Edge Cases and Complex Scenarios String Operations should handle string property access","status":"passed","title":"should handle string property access","duration":0.3528999999998632,"failureMessages":[],"meta":{}},{"ancestorTitles":["Expression Evaluation","Edge Cases and Complex Scenarios","String Operations"],"fullName":"Expression Evaluation Edge Cases and Complex Scenarios String Operations should handle string concatenation via addition","status":"passed","title":"should handle string concatenation via addition","duration":0.21810000000004948,"failureMessages":[],"meta":{}},{"ancestorTitles":["Expression Evaluation","Edge Cases and Complex Scenarios","Array Access Edge Cases"],"fullName":"Expression Evaluation Edge Cases and Complex Scenarios Array Access Edge Cases should handle array access with expressions","status":"passed","title":"should handle array access with expressions","duration":0.3166999999998552,"failureMessages":[],"meta":{}},{"ancestorTitles":["Expression Evaluation","Edge Cases and Complex Scenarios","Array Access Edge Cases"],"fullName":"Expression Evaluation Edge Cases and Complex Scenarios Array Access Edge Cases should handle out-of-bounds array access","status":"passed","title":"should handle out-of-bounds array access","duration":0.6159999999999854,"failureMessages":[],"meta":{}},{"ancestorTitles":["Expression Evaluation","Edge Cases and Complex Scenarios","Array Access Edge Cases"],"fullName":"Expression Evaluation Edge Cases and Complex Scenarios Array Access Edge Cases should handle nested array access","status":"passed","title":"should handle nested array access","duration":0.6269999999999527,"failureMessages":[],"meta":{}},{"ancestorTitles":["Expression Evaluation","Edge Cases and Complex Scenarios","Ternary Operator Edge Cases"],"fullName":"Expression Evaluation Edge Cases and Complex Scenarios Ternary Operator Edge Cases should handle nested ternary operators","status":"passed","title":"should handle nested ternary operators","duration":0.3941999999997279,"failureMessages":[],"meta":{}},{"ancestorTitles":["Expression Evaluation","Edge Cases and Complex Scenarios","Ternary Operator Edge Cases"],"fullName":"Expression Evaluation Edge Cases and Complex Scenarios Ternary Operator Edge Cases should handle ternary with complex conditions","status":"passed","title":"should handle ternary with complex conditions","duration":0.24080000000003565,"failureMessages":[],"meta":{}},{"ancestorTitles":["Expression Evaluation","Edge Cases and Complex Scenarios","Ternary Operator Edge Cases"],"fullName":"Expression Evaluation Edge Cases and Complex Scenarios Ternary Operator Edge Cases should handle ternary with different value types","status":"passed","title":"should handle ternary with different value types","duration":0.36779999999998836,"failureMessages":[],"meta":{}},{"ancestorTitles":["Expression Evaluation","Edge Cases and Complex Scenarios","Parentheses and Grouping"],"fullName":"Expression Evaluation Edge Cases and Complex Scenarios Parentheses and Grouping should handle deeply nested parentheses","status":"passed","title":"should handle deeply nested parentheses","duration":0.37829999999985375,"failureMessages":[],"meta":{}},{"ancestorTitles":["Expression Evaluation","Edge Cases and Complex Scenarios","Parentheses and Grouping"],"fullName":"Expression Evaluation Edge Cases and Complex Scenarios Parentheses and Grouping should handle parentheses affecting precedence","status":"passed","title":"should handle parentheses affecting precedence","duration":0.4555000000000291,"failureMessages":[],"meta":{}},{"ancestorTitles":["Expression Evaluation","Edge Cases and Complex Scenarios","Null and Undefined Handling"],"fullName":"Expression Evaluation Edge Cases and Complex Scenarios Null and Undefined Handling should handle null values in expressions","status":"passed","title":"should handle null values in expressions","duration":0.2901000000001659,"failureMessages":[],"meta":{}},{"ancestorTitles":["Expression Evaluation","Edge Cases and Complex Scenarios","Null and Undefined Handling"],"fullName":"Expression Evaluation Edge Cases and Complex Scenarios Null and Undefined Handling should handle undefined property access","status":"passed","title":"should handle undefined property access","duration":0.22060000000010405,"failureMessages":[],"meta":{}},{"ancestorTitles":["Expression Evaluation","Edge Cases and Complex Scenarios","Type Coercion"],"fullName":"Expression Evaluation Edge Cases and Complex Scenarios Type Coercion should handle loose equality with type coercion","status":"passed","title":"should handle loose equality with type coercion","duration":0.2337999999999738,"failureMessages":[],"meta":{}},{"ancestorTitles":["Expression Evaluation","Edge Cases and Complex Scenarios","Type Coercion"],"fullName":"Expression Evaluation Edge Cases and Complex Scenarios Type Coercion should handle strict equality without coercion","status":"passed","title":"should handle strict equality without coercion","duration":0.22890000000006694,"failureMessages":[],"meta":{}},{"ancestorTitles":["Expression Evaluation","Edge Cases and Complex Scenarios","Complex Expression Combinations"],"fullName":"Expression Evaluation Edge Cases and Complex Scenarios Complex Expression Combinations should handle very complex nested expressions","status":"passed","title":"should handle very complex nested expressions","duration":0.2968999999998232,"failureMessages":[],"meta":{}},{"ancestorTitles":["Expression Evaluation","Edge Cases and Complex Scenarios","Complex Expression Combinations"],"fullName":"Expression Evaluation Edge Cases and Complex Scenarios Complex Expression Combinations should handle expressions with multiple array operations","status":"passed","title":"should handle expressions with multiple array operations","duration":0.28650000000016007,"failureMessages":[],"meta":{}},{"ancestorTitles":["Expression Evaluation","Interpolation Edge Cases","Multiple Expressions in Template"],"fullName":"Expression Evaluation Interpolation Edge Cases Multiple Expressions in Template should handle multiple expressions in one template","status":"passed","title":"should handle multiple expressions in one template","duration":0.3530000000000655,"failureMessages":[],"meta":{}},{"ancestorTitles":["Expression Evaluation","Interpolation Edge Cases","Multiple Expressions in Template"],"fullName":"Expression Evaluation Interpolation Edge Cases Multiple Expressions in Template should handle adjacent expressions","status":"passed","title":"should handle adjacent expressions","duration":0.16560000000026776,"failureMessages":[],"meta":{}},{"ancestorTitles":["Expression Evaluation","Interpolation Edge Cases","Multiple Expressions in Template"],"fullName":"Expression Evaluation Interpolation Edge Cases Multiple Expressions in Template should handle expressions with special characters","status":"passed","title":"should handle expressions with special characters","duration":0.12419999999974607,"failureMessages":[],"meta":{}},{"ancestorTitles":["Expression Evaluation","Interpolation Edge Cases","Nested Interpolation"],"fullName":"Expression Evaluation Interpolation Edge Cases Nested Interpolation should handle expressions that reference interpolated values","status":"passed","title":"should handle expressions that reference interpolated values","duration":0.18580000000019936,"failureMessages":[],"meta":{}},{"ancestorTitles":["Expression Evaluation","Interpolation Edge Cases","Empty and Malformed Expressions"],"fullName":"Expression Evaluation Interpolation Edge Cases Empty and Malformed Expressions should handle empty expressions","status":"passed","title":"should handle empty expressions","duration":0.6833000000001448,"failureMessages":[],"meta":{}},{"ancestorTitles":["Expression Evaluation","Interpolation Edge Cases","Empty and Malformed Expressions"],"fullName":"Expression Evaluation Interpolation Edge Cases Empty and Malformed Expressions should handle malformed expressions gracefully","status":"passed","title":"should handle malformed expressions gracefully","duration":0.47080000000005384,"failureMessages":[],"meta":{}},{"ancestorTitles":["Expression Evaluation","Interpolation Edge Cases","Empty and Malformed Expressions"],"fullName":"Expression Evaluation Interpolation Edge Cases Empty and Malformed Expressions should handle unclosed expressions","status":"passed","title":"should handle unclosed expressions","duration":0.22899999999981446,"failureMessages":[],"meta":{}},{"ancestorTitles":["Expression Evaluation","Interpolation Edge Cases","Expression Whitespace Handling"],"fullName":"Expression Evaluation Interpolation Edge Cases Expression Whitespace Handling should trim whitespace around expressions","status":"passed","title":"should trim whitespace around expressions","duration":0.3816999999999098,"failureMessages":[],"meta":{}},{"ancestorTitles":["Expression Evaluation","Command Chaining with Expressions","Dynamic Command Generation"],"fullName":"Expression Evaluation Command Chaining with Expressions Dynamic Command Generation should handle expressions in command parameters","status":"passed","title":"should handle expressions in command parameters","duration":0.3514999999997599,"failureMessages":[],"meta":{}},{"ancestorTitles":["Expression Evaluation","Command Chaining with Expressions","Dynamic Command Generation"],"fullName":"Expression Evaluation Command Chaining with Expressions Dynamic Command Generation should handle conditional command generation","status":"passed","title":"should handle conditional command generation","duration":0.4058999999997468,"failureMessages":[],"meta":{}},{"ancestorTitles":["Expression Evaluation","Command Chaining with Expressions","Complex Command Chains"],"fullName":"Expression Evaluation Command Chaining with Expressions Complex Command Chains should handle expressions in chained commands","status":"passed","title":"should handle expressions in chained commands","duration":0.3659000000002379,"failureMessages":[],"meta":{}},{"ancestorTitles":["Expression Evaluation","Command Chaining with Expressions","Complex Command Chains"],"fullName":"Expression Evaluation Command Chaining with Expressions Complex Command Chains should handle dynamic parameter calculation","status":"passed","title":"should handle dynamic parameter calculation","duration":0.47379999999975553,"failureMessages":[],"meta":{}},{"ancestorTitles":["Expression Evaluation","Command Chaining with Expressions","Error Handling in Command Chains"],"fullName":"Expression Evaluation Command Chaining with Expressions Error Handling in Command Chains should handle expression failures in command contexts","status":"passed","title":"should handle expression failures in command contexts","duration":0.4992000000002008,"failureMessages":[],"meta":{}},{"ancestorTitles":["Expression Evaluation","Command Chaining with Expressions","Error Handling in Command Chains"],"fullName":"Expression Evaluation Command Chaining with Expressions Error Handling in Command Chains should handle type mismatches in expressions","status":"passed","title":"should handle type mismatches in expressions","duration":0.48230000000012296,"failureMessages":[],"meta":{}},{"ancestorTitles":["Expression Evaluation","Performance and Scale"],"fullName":"Expression Evaluation Performance and Scale should handle large arrays efficiently","status":"passed","title":"should handle large arrays efficiently","duration":0.6042999999999665,"failureMessages":[],"meta":{}},{"ancestorTitles":["Expression Evaluation","Performance and Scale"],"fullName":"Expression Evaluation Performance and Scale should handle deep object traversal","status":"passed","title":"should handle deep object traversal","duration":1.5045999999997548,"failureMessages":[],"meta":{}},{"ancestorTitles":["Expression Evaluation","Performance and Scale"],"fullName":"Expression Evaluation Performance and Scale should handle complex expressions with many operations","status":"passed","title":"should handle complex expressions with many operations","duration":0.7127999999997883,"failureMessages":[],"meta":{}},{"ancestorTitles":["Expression Evaluation","Security and Adversarial Inputs"],"fullName":"Expression Evaluation Security and Adversarial Inputs should reject dangerous global object access","status":"passed","title":"should reject dangerous global object access","duration":2.277299999999741,"failureMessages":[],"meta":{}},{"ancestorTitles":["Expression Evaluation","Security and Adversarial Inputs"],"fullName":"Expression Evaluation Security and Adversarial Inputs should reject dangerous function calls","status":"passed","title":"should reject dangerous function calls","duration":0.9411999999997533,"failureMessages":[],"meta":{}},{"ancestorTitles":["Expression Evaluation","Security and Adversarial Inputs"],"fullName":"Expression Evaluation Security and Adversarial Inputs should reject prototype pollution attempts","status":"passed","title":"should reject prototype pollution attempts","duration":0.9666999999999462,"failureMessages":[],"meta":{}},{"ancestorTitles":["Expression Evaluation","Security and Adversarial Inputs"],"fullName":"Expression Evaluation Security and Adversarial Inputs should reject expressions with invalid characters","status":"passed","title":"should reject expressions with invalid characters","duration":0.788300000000163,"failureMessages":[],"meta":{}},{"ancestorTitles":["Expression Evaluation","Security and Adversarial Inputs"],"fullName":"Expression Evaluation Security and Adversarial Inputs should handle overly complex expressions","status":"passed","title":"should handle overly complex expressions","duration":3.1819000000000415,"failureMessages":[],"meta":{}},{"ancestorTitles":["Expression Evaluation","Security and Adversarial Inputs"],"fullName":"Expression Evaluation Security and Adversarial Inputs should prevent deep recursion","status":"passed","title":"should prevent deep recursion","duration":11.698100000000068,"failureMessages":[],"meta":{}},{"ancestorTitles":["Expression Evaluation","Security and Adversarial Inputs"],"fullName":"Expression Evaluation Security and Adversarial Inputs should sanitize context objects","status":"passed","title":"should sanitize context objects","duration":7.005200000000059,"failureMessages":[],"meta":{}}],"startTime":1758655314837,"endTime":1758655314898.0051,"status":"passed","message":"","name":"C:/Users/Patrick/invokers/test/expression.test.ts"},{"assertionResults":[{"ancestorTitles":["Extended Commands","DOM Commands","--dom:swap"],"fullName":"Extended Commands DOM Commands --dom:swap should swap inner content by default","status":"passed","title":"should swap inner content by default","duration":28.040899999999965,"failureMessages":[],"meta":{}},{"ancestorTitles":["Extended Commands","DOM Commands","--dom:swap"],"fullName":"Extended Commands DOM Commands --dom:swap should swap inner content with explicit :inner parameter","status":"passed","title":"should swap inner content with explicit :inner parameter","duration":5.440399999999954,"failureMessages":[],"meta":{}},{"ancestorTitles":["Extended Commands","DOM Commands","--dom:swap"],"fullName":"Extended Commands DOM Commands --dom:swap should swap outer content with :outer parameter","status":"passed","title":"should swap outer content with :outer parameter","duration":5.131799999999885,"failureMessages":[],"meta":{}},{"ancestorTitles":["Extended Commands","DOM Commands","--bind"],"fullName":"Extended Commands DOM Commands --bind should bind input value to text content","status":"passed","title":"should bind input value to text content","duration":6.235200000000077,"failureMessages":[],"meta":{}},{"ancestorTitles":["Extended Commands","DOM Commands","--bind"],"fullName":"Extended Commands DOM Commands --bind should bind to data attributes","status":"passed","title":"should bind to data attributes","duration":3.376800000000003,"failureMessages":[],"meta":{}},{"ancestorTitles":["Extended Commands","DOM Commands","--bind"],"fullName":"Extended Commands DOM Commands --bind should bind using @closest selector","status":"passed","title":"should bind using @closest selector","duration":4.239700000000084,"failureMessages":[],"meta":{}}],"startTime":1758655316840,"endTime":1758655316892.2397,"status":"passed","message":"","name":"C:/Users/Patrick/invokers/test/extended-commands.test.ts"},{"assertionResults":[{"ancestorTitles":["Final Implementation Test"],"fullName":"Final Implementation Test should demonstrate working command chaining","status":"passed","title":"should demonstrate working command chaining","duration":12.39059999999995,"failureMessages":[],"meta":{}},{"ancestorTitles":["Final Implementation Test"],"fullName":"Final Implementation Test should demonstrate working and-then elements","status":"passed","title":"should demonstrate working and-then elements","duration":6.618399999999838,"failureMessages":[],"meta":{}},{"ancestorTitles":["Final Implementation Test"],"fullName":"Final Implementation Test should demonstrate core commands","status":"passed","title":"should demonstrate core commands","duration":7.232899999999972,"failureMessages":[],"meta":{}},{"ancestorTitles":["Final Implementation Test"],"fullName":"Final Implementation Test should demonstrate command lifecycle","status":"passed","title":"should demonstrate command lifecycle","duration":3.1650999999999385,"failureMessages":[],"meta":{}}],"startTime":1758655316836,"endTime":1758655316866.165,"status":"passed","message":"","name":"C:/Users/Patrick/invokers/test/final.test.ts"},{"assertionResults":[{"ancestorTitles":["Future Commands","Details Commands"],"fullName":"Future Commands Details Commands should toggle details element","status":"failed","title":"should toggle details element","duration":31.897399999999834,"failureMessages":["AssertionError: expected false to be true // Object.is equality\n    at C:\\Users\\Patrick\\invokers\\test\\future-commands.test.ts:75:28\n    at file:///C:/Users/Patrick/invokers/node_modules/@vitest/runner/dist/index.js:146:14\n    at file:///C:/Users/Patrick/invokers/node_modules/@vitest/runner/dist/index.js:533:11\n    at runWithTimeout (file:///C:/Users/Patrick/invokers/node_modules/@vitest/runner/dist/index.js:39:7)\n    at runTest (file:///C:/Users/Patrick/invokers/node_modules/@vitest/runner/dist/index.js:1056:17)\n    at processTicksAndRejections (node:internal/process/task_queues:105:5)\n    at runSuite (file:///C:/Users/Patrick/invokers/node_modules/@vitest/runner/dist/index.js:1205:15)\n    at runSuite (file:///C:/Users/Patrick/invokers/node_modules/@vitest/runner/dist/index.js:1205:15)\n    at runSuite (file:///C:/Users/Patrick/invokers/node_modules/@vitest/runner/dist/index.js:1205:15)\n    at runFiles (file:///C:/Users/Patrick/invokers/node_modules/@vitest/runner/dist/index.js:1262:5)"],"meta":{}},{"ancestorTitles":["Future Commands","Details Commands"],"fullName":"Future Commands Details Commands should open closed details element","status":"failed","title":"should open closed details element","duration":6.95450000000028,"failureMessages":["AssertionError: expected false to be true // Object.is equality\n    at C:\\Users\\Patrick\\invokers\\test\\future-commands.test.ts:88:28\n    at file:///C:/Users/Patrick/invokers/node_modules/@vitest/runner/dist/index.js:146:14\n    at file:///C:/Users/Patrick/invokers/node_modules/@vitest/runner/dist/index.js:533:11\n    at runWithTimeout (file:///C:/Users/Patrick/invokers/node_modules/@vitest/runner/dist/index.js:39:7)\n    at runTest (file:///C:/Users/Patrick/invokers/node_modules/@vitest/runner/dist/index.js:1056:17)\n    at processTicksAndRejections (node:internal/process/task_queues:105:5)\n    at runSuite (file:///C:/Users/Patrick/invokers/node_modules/@vitest/runner/dist/index.js:1205:15)\n    at runSuite (file:///C:/Users/Patrick/invokers/node_modules/@vitest/runner/dist/index.js:1205:15)\n    at runSuite (file:///C:/Users/Patrick/invokers/node_modules/@vitest/runner/dist/index.js:1205:15)\n    at runFiles (file:///C:/Users/Patrick/invokers/node_modules/@vitest/runner/dist/index.js:1262:5)"],"meta":{}},{"ancestorTitles":["Future Commands","Details Commands"],"fullName":"Future Commands Details Commands should close open details element","status":"failed","title":"should close open details element","duration":6.307600000000093,"failureMessages":["AssertionError: expected true to be false // Object.is equality\n    at C:\\Users\\Patrick\\invokers\\test\\future-commands.test.ts:104:28\n    at file:///C:/Users/Patrick/invokers/node_modules/@vitest/runner/dist/index.js:146:14\n    at file:///C:/Users/Patrick/invokers/node_modules/@vitest/runner/dist/index.js:533:11\n    at runWithTimeout (file:///C:/Users/Patrick/invokers/node_modules/@vitest/runner/dist/index.js:39:7)\n    at runTest (file:///C:/Users/Patrick/invokers/node_modules/@vitest/runner/dist/index.js:1056:17)\n    at processTicksAndRejections (node:internal/process/task_queues:105:5)\n    at runSuite (file:///C:/Users/Patrick/invokers/node_modules/@vitest/runner/dist/index.js:1205:15)\n    at runSuite (file:///C:/Users/Patrick/invokers/node_modules/@vitest/runner/dist/index.js:1205:15)\n    at runSuite (file:///C:/Users/Patrick/invokers/node_modules/@vitest/runner/dist/index.js:1205:15)\n    at runFiles (file:///C:/Users/Patrick/invokers/node_modules/@vitest/runner/dist/index.js:1262:5)"],"meta":{}},{"ancestorTitles":["Future Commands","Media Commands"],"fullName":"Future Commands Media Commands should toggle play/pause state","status":"failed","title":"should toggle play/pause state","duration":9.307199999999739,"failureMessages":["AssertionError: expected \"spy\" to be called at least once\n    at Proxy.<anonymous> (file:///C:/Users/Patrick/invokers/node_modules/@vitest/expect/dist/index.js:1448:13)\n    at Proxy.<anonymous> (file:///C:/Users/Patrick/invokers/node_modules/@vitest/expect/dist/index.js:972:17)\n    at Proxy.methodWrapper (file:///C:/Users/Patrick/invokers/node_modules/chai/index.js:1686:25)\n    at C:\\Users\\Patrick\\invokers\\test\\future-commands.test.ts:133:26\n    at file:///C:/Users/Patrick/invokers/node_modules/@vitest/runner/dist/index.js:146:14\n    at file:///C:/Users/Patrick/invokers/node_modules/@vitest/runner/dist/index.js:533:11\n    at runWithTimeout (file:///C:/Users/Patrick/invokers/node_modules/@vitest/runner/dist/index.js:39:7)\n    at runTest (file:///C:/Users/Patrick/invokers/node_modules/@vitest/runner/dist/index.js:1056:17)\n    at processTicksAndRejections (node:internal/process/task_queues:105:5)\n    at runSuite (file:///C:/Users/Patrick/invokers/node_modules/@vitest/runner/dist/index.js:1205:15)"],"meta":{}},{"ancestorTitles":["Future Commands","Media Commands"],"fullName":"Future Commands Media Commands should play paused video","status":"failed","title":"should play paused video","duration":5.167599999999766,"failureMessages":["AssertionError: expected \"spy\" to be called at least once\n    at Proxy.<anonymous> (file:///C:/Users/Patrick/invokers/node_modules/@vitest/expect/dist/index.js:1448:13)\n    at Proxy.<anonymous> (file:///C:/Users/Patrick/invokers/node_modules/@vitest/expect/dist/index.js:972:17)\n    at Proxy.methodWrapper (file:///C:/Users/Patrick/invokers/node_modules/chai/index.js:1686:25)\n    at C:\\Users\\Patrick\\invokers\\test\\future-commands.test.ts:149:26\n    at file:///C:/Users/Patrick/invokers/node_modules/@vitest/runner/dist/index.js:146:14\n    at file:///C:/Users/Patrick/invokers/node_modules/@vitest/runner/dist/index.js:533:11\n    at runWithTimeout (file:///C:/Users/Patrick/invokers/node_modules/@vitest/runner/dist/index.js:39:7)\n    at runTest (file:///C:/Users/Patrick/invokers/node_modules/@vitest/runner/dist/index.js:1056:17)\n    at processTicksAndRejections (node:internal/process/task_queues:105:5)\n    at runSuite (file:///C:/Users/Patrick/invokers/node_modules/@vitest/runner/dist/index.js:1205:15)"],"meta":{}},{"ancestorTitles":["Future Commands","Media Commands"],"fullName":"Future Commands Media Commands should pause playing video","status":"failed","title":"should pause playing video","duration":4.683599999999842,"failureMessages":["AssertionError: expected \"spy\" to be called at least once\n    at Proxy.<anonymous> (file:///C:/Users/Patrick/invokers/node_modules/@vitest/expect/dist/index.js:1448:13)\n    at Proxy.<anonymous> (file:///C:/Users/Patrick/invokers/node_modules/@vitest/expect/dist/index.js:972:17)\n    at Proxy.methodWrapper (file:///C:/Users/Patrick/invokers/node_modules/chai/index.js:1686:25)\n    at C:\\Users\\Patrick\\invokers\\test\\future-commands.test.ts:160:27\n    at file:///C:/Users/Patrick/invokers/node_modules/@vitest/runner/dist/index.js:146:14\n    at file:///C:/Users/Patrick/invokers/node_modules/@vitest/runner/dist/index.js:533:11\n    at runWithTimeout (file:///C:/Users/Patrick/invokers/node_modules/@vitest/runner/dist/index.js:39:7)\n    at runTest (file:///C:/Users/Patrick/invokers/node_modules/@vitest/runner/dist/index.js:1056:17)\n    at processTicksAndRejections (node:internal/process/task_queues:105:5)\n    at runSuite (file:///C:/Users/Patrick/invokers/node_modules/@vitest/runner/dist/index.js:1205:15)"],"meta":{}},{"ancestorTitles":["Future Commands","Media Commands"],"fullName":"Future Commands Media Commands should toggle mute state","status":"failed","title":"should toggle mute state","duration":4.524899999999889,"failureMessages":["AssertionError: expected false to be true // Object.is equality\n    at C:\\Users\\Patrick\\invokers\\test\\future-commands.test.ts:170:27\n    at file:///C:/Users/Patrick/invokers/node_modules/@vitest/runner/dist/index.js:146:14\n    at file:///C:/Users/Patrick/invokers/node_modules/@vitest/runner/dist/index.js:533:11\n    at runWithTimeout (file:///C:/Users/Patrick/invokers/node_modules/@vitest/runner/dist/index.js:39:7)\n    at runTest (file:///C:/Users/Patrick/invokers/node_modules/@vitest/runner/dist/index.js:1056:17)\n    at processTicksAndRejections (node:internal/process/task_queues:105:5)\n    at runSuite (file:///C:/Users/Patrick/invokers/node_modules/@vitest/runner/dist/index.js:1205:15)\n    at runSuite (file:///C:/Users/Patrick/invokers/node_modules/@vitest/runner/dist/index.js:1205:15)\n    at runSuite (file:///C:/Users/Patrick/invokers/node_modules/@vitest/runner/dist/index.js:1205:15)\n    at runFiles (file:///C:/Users/Patrick/invokers/node_modules/@vitest/runner/dist/index.js:1262:5)"],"meta":{}},{"ancestorTitles":["Future Commands","Picker Commands"],"fullName":"Future Commands Picker Commands should call showPicker on input elements","status":"failed","title":"should call showPicker on input elements","duration":10.953899999999976,"failureMessages":["AssertionError: expected \"spy\" to be called at least once\n    at Proxy.<anonymous> (file:///C:/Users/Patrick/invokers/node_modules/@vitest/expect/dist/index.js:1448:13)\n    at Proxy.<anonymous> (file:///C:/Users/Patrick/invokers/node_modules/@vitest/expect/dist/index.js:972:17)\n    at Proxy.methodWrapper (file:///C:/Users/Patrick/invokers/node_modules/chai/index.js:1686:25)\n    at C:\\Users\\Patrick\\invokers\\test\\future-commands.test.ts:206:36\n    at file:///C:/Users/Patrick/invokers/node_modules/@vitest/runner/dist/index.js:146:14\n    at file:///C:/Users/Patrick/invokers/node_modules/@vitest/runner/dist/index.js:533:11\n    at runWithTimeout (file:///C:/Users/Patrick/invokers/node_modules/@vitest/runner/dist/index.js:39:7)\n    at runTest (file:///C:/Users/Patrick/invokers/node_modules/@vitest/runner/dist/index.js:1056:17)\n    at processTicksAndRejections (node:internal/process/task_queues:105:5)\n    at runSuite (file:///C:/Users/Patrick/invokers/node_modules/@vitest/runner/dist/index.js:1205:15)"],"meta":{}},{"ancestorTitles":["Future Commands","Picker Commands"],"fullName":"Future Commands Picker Commands should call showPicker on select elements","status":"failed","title":"should call showPicker on select elements","duration":12.580799999999726,"failureMessages":["AssertionError: expected \"spy\" to be called at least once\n    at Proxy.<anonymous> (file:///C:/Users/Patrick/invokers/node_modules/@vitest/expect/dist/index.js:1448:13)\n    at Proxy.<anonymous> (file:///C:/Users/Patrick/invokers/node_modules/@vitest/expect/dist/index.js:972:17)\n    at Proxy.methodWrapper (file:///C:/Users/Patrick/invokers/node_modules/chai/index.js:1686:25)\n    at C:\\Users\\Patrick\\invokers\\test\\future-commands.test.ts:217:38\n    at file:///C:/Users/Patrick/invokers/node_modules/@vitest/runner/dist/index.js:146:14\n    at file:///C:/Users/Patrick/invokers/node_modules/@vitest/runner/dist/index.js:533:11\n    at runWithTimeout (file:///C:/Users/Patrick/invokers/node_modules/@vitest/runner/dist/index.js:39:7)\n    at runTest (file:///C:/Users/Patrick/invokers/node_modules/@vitest/runner/dist/index.js:1056:17)\n    at processTicksAndRejections (node:internal/process/task_queues:105:5)\n    at runSuite (file:///C:/Users/Patrick/invokers/node_modules/@vitest/runner/dist/index.js:1205:15)"],"meta":{}},{"ancestorTitles":["Future Commands","Picker Commands"],"fullName":"Future Commands Picker Commands should handle showPicker errors gracefully","status":"passed","title":"should handle showPicker errors gracefully","duration":9.886400000000322,"failureMessages":[],"meta":{}},{"ancestorTitles":["Future Commands","Number Input Commands"],"fullName":"Future Commands Number Input Commands should step up number input","status":"failed","title":"should step up number input","duration":4.053199999999833,"failureMessages":["AssertionError: expected \"spy\" to be called at least once\n    at Proxy.<anonymous> (file:///C:/Users/Patrick/invokers/node_modules/@vitest/expect/dist/index.js:1448:13)\n    at Proxy.<anonymous> (file:///C:/Users/Patrick/invokers/node_modules/@vitest/expect/dist/index.js:972:17)\n    at Proxy.methodWrapper (file:///C:/Users/Patrick/invokers/node_modules/chai/index.js:1686:25)\n    at C:\\Users\\Patrick\\invokers\\test\\future-commands.test.ts:252:34\n    at file:///C:/Users/Patrick/invokers/node_modules/@vitest/runner/dist/index.js:146:14\n    at file:///C:/Users/Patrick/invokers/node_modules/@vitest/runner/dist/index.js:533:11\n    at runWithTimeout (file:///C:/Users/Patrick/invokers/node_modules/@vitest/runner/dist/index.js:39:7)\n    at runTest (file:///C:/Users/Patrick/invokers/node_modules/@vitest/runner/dist/index.js:1056:17)\n    at processTicksAndRejections (node:internal/process/task_queues:105:5)\n    at runSuite (file:///C:/Users/Patrick/invokers/node_modules/@vitest/runner/dist/index.js:1205:15)"],"meta":{}},{"ancestorTitles":["Future Commands","Number Input Commands"],"fullName":"Future Commands Number Input Commands should step down number input","status":"failed","title":"should step down number input","duration":3.2503999999998996,"failureMessages":["AssertionError: expected \"spy\" to be called at least once\n    at Proxy.<anonymous> (file:///C:/Users/Patrick/invokers/node_modules/@vitest/expect/dist/index.js:1448:13)\n    at Proxy.<anonymous> (file:///C:/Users/Patrick/invokers/node_modules/@vitest/expect/dist/index.js:972:17)\n    at Proxy.methodWrapper (file:///C:/Users/Patrick/invokers/node_modules/chai/index.js:1686:25)\n    at C:\\Users\\Patrick\\invokers\\test\\future-commands.test.ts:262:36\n    at file:///C:/Users/Patrick/invokers/node_modules/@vitest/runner/dist/index.js:146:14\n    at file:///C:/Users/Patrick/invokers/node_modules/@vitest/runner/dist/index.js:533:11\n    at runWithTimeout (file:///C:/Users/Patrick/invokers/node_modules/@vitest/runner/dist/index.js:39:7)\n    at runTest (file:///C:/Users/Patrick/invokers/node_modules/@vitest/runner/dist/index.js:1056:17)\n    at processTicksAndRejections (node:internal/process/task_queues:105:5)\n    at runSuite (file:///C:/Users/Patrick/invokers/node_modules/@vitest/runner/dist/index.js:1205:15)"],"meta":{}},{"ancestorTitles":["Future Commands","Number Input Commands"],"fullName":"Future Commands Number Input Commands should handle step errors gracefully","status":"passed","title":"should handle step errors gracefully","duration":3.324700000000121,"failureMessages":[],"meta":{}},{"ancestorTitles":["Future Commands","Clipboard Commands"],"fullName":"Future Commands Clipboard Commands should copy text content to clipboard","status":"failed","title":"should copy text content to clipboard","duration":4.709600000000137,"failureMessages":["AssertionError: expected \"spy\" to be called with arguments: [ 'Hello, World!' ]\u001b[90m\n\nReceived: \n\n\u001b[39m\u001b[90m\n\nNumber of calls: \u001b[1m0\u001b[22m\n\u001b[39m\n    at Proxy.<anonymous> (file:///C:/Users/Patrick/invokers/node_modules/@vitest/expect/dist/index.js:1465:13)\n    at Proxy.<anonymous> (file:///C:/Users/Patrick/invokers/node_modules/@vitest/expect/dist/index.js:972:17)\n    at Proxy.methodWrapper (file:///C:/Users/Patrick/invokers/node_modules/chai/index.js:1686:25)\n    at C:\\Users\\Patrick\\invokers\\test\\future-commands.test.ts:296:45\n    at file:///C:/Users/Patrick/invokers/node_modules/@vitest/runner/dist/index.js:146:14\n    at file:///C:/Users/Patrick/invokers/node_modules/@vitest/runner/dist/index.js:533:11\n    at runWithTimeout (file:///C:/Users/Patrick/invokers/node_modules/@vitest/runner/dist/index.js:39:7)\n    at runTest (file:///C:/Users/Patrick/invokers/node_modules/@vitest/runner/dist/index.js:1056:17)\n    at processTicksAndRejections (node:internal/process/task_queues:105:5)\n    at runSuite (file:///C:/Users/Patrick/invokers/node_modules/@vitest/runner/dist/index.js:1205:15)"],"meta":{}},{"ancestorTitles":["Future Commands","Clipboard Commands"],"fullName":"Future Commands Clipboard Commands should copy button value when self-referencing","status":"failed","title":"should copy button value when self-referencing","duration":3.6226000000001477,"failureMessages":["AssertionError: expected \"spy\" to be called with arguments: [ 'Button value' ]\u001b[90m\n\nReceived: \n\n\u001b[39m\u001b[90m\n\nNumber of calls: \u001b[1m0\u001b[22m\n\u001b[39m\n    at Proxy.<anonymous> (file:///C:/Users/Patrick/invokers/node_modules/@vitest/expect/dist/index.js:1465:13)\n    at Proxy.<anonymous> (file:///C:/Users/Patrick/invokers/node_modules/@vitest/expect/dist/index.js:972:17)\n    at Proxy.methodWrapper (file:///C:/Users/Patrick/invokers/node_modules/chai/index.js:1686:25)\n    at C:\\Users\\Patrick\\invokers\\test\\future-commands.test.ts:304:45\n    at file:///C:/Users/Patrick/invokers/node_modules/@vitest/runner/dist/index.js:146:14\n    at file:///C:/Users/Patrick/invokers/node_modules/@vitest/runner/dist/index.js:533:11\n    at runWithTimeout (file:///C:/Users/Patrick/invokers/node_modules/@vitest/runner/dist/index.js:39:7)\n    at runTest (file:///C:/Users/Patrick/invokers/node_modules/@vitest/runner/dist/index.js:1056:17)\n    at processTicksAndRejections (node:internal/process/task_queues:105:5)\n    at runSuite (file:///C:/Users/Patrick/invokers/node_modules/@vitest/runner/dist/index.js:1205:15)"],"meta":{}},{"ancestorTitles":["Future Commands","Clipboard Commands"],"fullName":"Future Commands Clipboard Commands should handle clipboard API errors gracefully","status":"passed","title":"should handle clipboard API errors gracefully","duration":2.740899999999783,"failureMessages":[],"meta":{}},{"ancestorTitles":["Future Commands","Share Commands"],"fullName":"Future Commands Share Commands should share text content","status":"failed","title":"should share text content","duration":3.905699999999797,"failureMessages":["AssertionError: expected \"spy\" to be called with arguments: [ Array(1) ]\u001b[90m\n\nReceived: \n\n\u001b[39m\u001b[90m\n\nNumber of calls: \u001b[1m0\u001b[22m\n\u001b[39m\n    at Proxy.<anonymous> (file:///C:/Users/Patrick/invokers/node_modules/@vitest/expect/dist/index.js:1465:13)\n    at Proxy.<anonymous> (file:///C:/Users/Patrick/invokers/node_modules/@vitest/expect/dist/index.js:972:17)\n    at Proxy.methodWrapper (file:///C:/Users/Patrick/invokers/node_modules/chai/index.js:1686:25)\n    at C:\\Users\\Patrick\\invokers\\test\\future-commands.test.ts:335:31\n    at file:///C:/Users/Patrick/invokers/node_modules/@vitest/runner/dist/index.js:146:14\n    at file:///C:/Users/Patrick/invokers/node_modules/@vitest/runner/dist/index.js:533:11\n    at runWithTimeout (file:///C:/Users/Patrick/invokers/node_modules/@vitest/runner/dist/index.js:39:7)\n    at runTest (file:///C:/Users/Patrick/invokers/node_modules/@vitest/runner/dist/index.js:1056:17)\n    at processTicksAndRejections (node:internal/process/task_queues:105:5)\n    at runSuite (file:///C:/Users/Patrick/invokers/node_modules/@vitest/runner/dist/index.js:1205:15)"],"meta":{}},{"ancestorTitles":["Future Commands","Share Commands"],"fullName":"Future Commands Share Commands should share URL content","status":"failed","title":"should share URL content","duration":9.154100000000199,"failureMessages":["AssertionError: expected \"spy\" to be called with arguments: [ Array(1) ]\u001b[90m\n\nReceived: \n\n\u001b[39m\u001b[90m\n\nNumber of calls: \u001b[1m0\u001b[22m\n\u001b[39m\n    at Proxy.<anonymous> (file:///C:/Users/Patrick/invokers/node_modules/@vitest/expect/dist/index.js:1465:13)\n    at Proxy.<anonymous> (file:///C:/Users/Patrick/invokers/node_modules/@vitest/expect/dist/index.js:972:17)\n    at Proxy.methodWrapper (file:///C:/Users/Patrick/invokers/node_modules/chai/index.js:1686:25)\n    at C:\\Users\\Patrick\\invokers\\test\\future-commands.test.ts:345:31\n    at file:///C:/Users/Patrick/invokers/node_modules/@vitest/runner/dist/index.js:146:14\n    at file:///C:/Users/Patrick/invokers/node_modules/@vitest/runner/dist/index.js:533:11\n    at runWithTimeout (file:///C:/Users/Patrick/invokers/node_modules/@vitest/runner/dist/index.js:39:7)\n    at runTest (file:///C:/Users/Patrick/invokers/node_modules/@vitest/runner/dist/index.js:1056:17)\n    at processTicksAndRejections (node:internal/process/task_queues:105:5)\n    at runSuite (file:///C:/Users/Patrick/invokers/node_modules/@vitest/runner/dist/index.js:1205:15)"],"meta":{}},{"ancestorTitles":["Future Commands","Share Commands"],"fullName":"Future Commands Share Commands should handle share API errors gracefully","status":"passed","title":"should handle share API errors gracefully","duration":3.287800000000061,"failureMessages
[...]
ai/index.js:1686:25)\n    at C:\\Users\\Patrick\\invokers\\test\\target-resolver.test.ts:67:22\n    at file:///C:/Users/Patrick/invokers/node_modules/@vitest/runner/dist/index.js:146:14\n    at file:///C:/Users/Patrick/invokers/node_modules/@vitest/runner/dist/index.js:533:11\n    at runWithTimeout (file:///C:/Users/Patrick/invokers/node_modules/@vitest/runner/dist/index.js:39:7)\n    at runTest (file:///C:/Users/Patrick/invokers/node_modules/@vitest/runner/dist/index.js:1056:17)\n    at processTicksAndRejections (node:internal/process/task_queues:105:5)\n    at runSuite (file:///C:/Users/Patrick/invokers/node_modules/@vitest/runner/dist/index.js:1205:15)"],"meta":{}},{"ancestorTitles":["Target Resolver","Global CSS Selectors"],"fullName":"Target Resolver Global CSS Selectors should return empty array for invalid selectors","status":"passed","title":"should return empty array for invalid selectors","duration":10.059799999999996,"failureMessages":[],"meta":{}},{"ancestorTitles":["Target Resolver","Contextual Selectors","@closest()"],"fullName":"Target Resolver Contextual Selectors @closest() should find closest ancestor matching selector","status":"passed","title":"should find closest ancestor matching selector","duration":5.974899999999934,"failureMessages":[],"meta":{}},{"ancestorTitles":["Target Resolver","Contextual Selectors","@closest()"],"fullName":"Target Resolver Contextual Selectors @closest() should return empty array if no matching ancestor found","status":"passed","title":"should return empty array if no matching ancestor found","duration":2.4741999999998825,"failureMessages":[],"meta":{}},{"ancestorTitles":["Target Resolver","Contextual Selectors","@child()"],"fullName":"Target Resolver Contextual Selectors @child() should find first child matching selector","status":"passed","title":"should find first child matching selector","duration":3.350500000000011,"failureMessages":[],"meta":{}},{"ancestorTitles":["Target Resolver","Contextual Selectors","@child()"],"fullName":"Target Resolver Contextual Selectors @child() should return empty array if no matching child found","status":"passed","title":"should return empty array if no matching child found","duration":1.3976000000000113,"failureMessages":[],"meta":{}},{"ancestorTitles":["Target Resolver","Contextual Selectors","@children()"],"fullName":"Target Resolver Contextual Selectors @children() should find all children matching selector","status":"passed","title":"should find all children matching selector","duration":3.0630999999998494,"failureMessages":[],"meta":{}},{"ancestorTitles":["Target Resolver","Contextual Selectors","@children()"],"fullName":"Target Resolver Contextual Selectors @children() should return empty array if no matching children found","status":"passed","title":"should return empty array if no matching children found","duration":1.6777000000001863,"failureMessages":[],"meta":{}},{"ancestorTitles":["Target Resolver","Contextual Selectors"],"fullName":"Target Resolver Contextual Selectors should return empty array for invalid @ syntax","status":"passed","title":"should return empty array for invalid @ syntax","duration":2.4327999999998156,"failureMessages":[],"meta":{}},{"ancestorTitles":["Target Resolver","Contextual Selectors"],"fullName":"Target Resolver Contextual Selectors should return empty array for malformed @ selectors","status":"passed","title":"should return empty array for malformed @ selectors","duration":1.5072000000000116,"failureMessages":[],"meta":{}},{"ancestorTitles":["Target Resolver","Edge Cases"],"fullName":"Target Resolver Edge Cases should handle empty selectors","status":"passed","title":"should handle empty selectors","duration":4.669399999999996,"failureMessages":[],"meta":{}},{"ancestorTitles":["Target Resolver","Edge Cases"],"fullName":"Target Resolver Edge Cases should handle whitespace-only selectors","status":"passed","title":"should handle whitespace-only selectors","duration":1.9480000000000928,"failureMessages":[],"meta":{}},{"ancestorTitles":["Target Resolver","Edge Cases"],"fullName":"Target Resolver Edge Cases should handle selectors with special characters that are still valid IDs","status":"passed","title":"should handle selectors with special characters that are still valid IDs","duration":2.30600000000004,"failureMessages":[],"meta":{}}],"startTime":1758655316753,"endTime":1758655316836.306,"status":"failed","message":"","name":"C:/Users/Patrick/invokers/test/target-resolver.test.ts"},{"assertionResults":[{"ancestorTitles":["Class Ternary, Interpolation, and Built-in Commands","--class:ternary"],"fullName":"Class Ternary, Interpolation, and Built-in Commands --class:ternary should apply classIfTrue when condition \"has-content\" is true","status":"passed","title":"should apply classIfTrue when condition \"has-content\" is true","duration":20.16489999999976,"failureMessages":[],"meta":{}},{"ancestorTitles":["Class Ternary, Interpolation, and Built-in Commands","--class:ternary"],"fullName":"Class Ternary, Interpolation, and Built-in Commands --class:ternary should apply classIfFalse when condition \"has-content\" is false","status":"passed","title":"should apply classIfFalse when condition \"has-content\" is false","duration":6.245600000000195,"failureMessages":[],"meta":{}},{"ancestorTitles":["Class Ternary, Interpolation, and Built-in Commands","--class:ternary"],"fullName":"Class Ternary, Interpolation, and Built-in Commands --class:ternary should apply classIfTrue when condition \"has-no-content\" is false","status":"passed","title":"should apply classIfTrue when condition \"has-no-content\" is false","duration":5.522000000000389,"failureMessages":[],"meta":{}},{"ancestorTitles":["Class Ternary, Interpolation, and Built-in Commands","--class:ternary"],"fullName":"Class Ternary, Interpolation, and Built-in Commands --class:ternary should handle whitespace-only content as no content","status":"passed","title":"should handle whitespace-only content as no content","duration":4.460599999999886,"failureMessages":[],"meta":{}},{"ancestorTitles":["Class Ternary, Interpolation, and Built-in Commands","--class:ternary"],"fullName":"Class Ternary, Interpolation, and Built-in Commands --class:ternary should warn when missing required parameters","status":"passed","title":"should warn when missing required parameters","duration":10.76260000000002,"failureMessages":[],"meta":{}},{"ancestorTitles":["Class Ternary, Interpolation, and Built-in Commands","Expressions and Interpolations"],"fullName":"Class Ternary, Interpolation, and Built-in Commands Expressions and Interpolations should interpolate {{...}} expressions in command attributes","status":"passed","title":"should interpolate {{...}} expressions in command attributes","duration":8.546100000000024,"failureMessages":[],"meta":{}},{"ancestorTitles":["Class Ternary, Interpolation, and Built-in Commands","Expressions and Interpolations"],"fullName":"Class Ternary, Interpolation, and Built-in Commands Expressions and Interpolations should interpolate data attributes in commands","status":"passed","title":"should interpolate data attributes in commands","duration":28.317099999999755,"failureMessages":[],"meta":{}},{"ancestorTitles":["Class Ternary, Interpolation, and Built-in Commands","Expressions and Interpolations"],"fullName":"Class Ternary, Interpolation, and Built-in Commands Expressions and Interpolations should handle command-on with interpolation","status":"passed","title":"should handle command-on with interpolation","duration":26.967200000000048,"failureMessages":[],"meta":{}},{"ancestorTitles":["Class Ternary, Interpolation, and Built-in Commands","Built-in Commands - Clear Operations"],"fullName":"Class Ternary, Interpolation, and Built-in Commands Built-in Commands - Clear Operations should clear all CSS classes with --class:clear","status":"passed","title":"should clear all CSS classes with --class:clear","duration":5.633299999999963,"failureMessages":[],"meta":{}},{"ancestorTitles":["Class Ternary, Interpolation, and Built-in Commands","Built-in Commands - Clear Operations"],"fullName":"Class Ternary, Interpolation, and Built-in Commands Built-in Commands - Clear Operations should clear text content with --text:clear","status":"passed","title":"should clear text content with --text:clear","duration":3.6824000000001433,"failureMessages":[],"meta":{}},{"ancestorTitles":["Class Ternary, Interpolation, and Built-in Commands","Built-in Commands - Clear Operations"],"fullName":"Class Ternary, Interpolation, and Built-in Commands Built-in Commands - Clear Operations should clear input value with --value:clear","status":"passed","title":"should clear input value with --value:clear","duration":3.489100000000235,"failureMessages":[],"meta":{}},{"ancestorTitles":["Class Ternary, Interpolation, and Built-in Commands","Complex Scenarios"],"fullName":"Class Ternary, Interpolation, and Built-in Commands Complex Scenarios should combine ternary class application with interpolation","status":"passed","title":"should combine ternary class application with interpolation","duration":4.478900000000067,"failureMessages":[],"meta":{}},{"ancestorTitles":["Class Ternary, Interpolation, and Built-in Commands","Complex Scenarios"],"fullName":"Class Ternary, Interpolation, and Built-in Commands Complex Scenarios should chain clear commands with ternary","status":"passed","title":"should chain clear commands with ternary","duration":4.311200000000099,"failureMessages":[],"meta":{}}],"startTime":1758655314930,"endTime":1758655315064.3113,"status":"passed","message":"","name":"C:/Users/Patrick/invokers/test/ternary-interpolation-commands.test.ts"},{"assertionResults":[{"ancestorTitles":["URL Commands (--url)","URL Parameter Commands"],"fullName":"URL Commands (--url) URL Parameter Commands should register URL commands","status":"passed","title":"should register URL commands","duration":14.921600000000126,"failureMessages":[],"meta":{}},{"ancestorTitles":["URL Commands (--url)","URL Parameter Commands"],"fullName":"URL Commands (--url) URL Parameter Commands should get URL parameter value","status":"passed","title":"should get URL parameter value","duration":22.88640000000032,"failureMessages":[],"meta":{}},{"ancestorTitles":["URL Commands (--url)","URL Parameter Commands"],"fullName":"URL Commands (--url) URL Parameter Commands should set URL parameter with name and value in command","status":"passed","title":"should set URL parameter with name and value in command","duration":41.945100000000366,"failureMessages":[],"meta":{}},{"ancestorTitles":["URL Commands (--url)","URL Parameter Commands"],"fullName":"URL Commands (--url) URL Parameter Commands should set URL parameter with name from command and value from target element","status":"passed","title":"should set URL parameter with name from command and value from target element","duration":11.217600000000402,"failureMessages":[],"meta":{}},{"ancestorTitles":["URL Commands (--url)","URL Parameter Commands"],"fullName":"URL Commands (--url) URL Parameter Commands should set URL parameter with name from data attribute and value from target","status":"passed","title":"should set URL parameter with name from data attribute and value from target","duration":12.835799999999836,"failureMessages":[],"meta":{}},{"ancestorTitles":["URL Commands (--url)","URL Parameter Commands"],"fullName":"URL Commands (--url) URL Parameter Commands should delete URL parameter","status":"passed","title":"should delete URL parameter","duration":7.296799999999621,"failureMessages":[],"meta":{}},{"ancestorTitles":["URL Commands (--url)","URL Parameter Commands"],"fullName":"URL Commands (--url) URL Parameter Commands should clear all URL parameters","status":"passed","title":"should clear all URL parameters","duration":12.270000000000437,"failureMessages":[],"meta":{}},{"ancestorTitles":["URL Commands (--url)","URL Parameter Commands"],"fullName":"URL Commands (--url) URL Parameter Commands should get all URL parameters as JSON","status":"passed","title":"should get all URL parameters as JSON","duration":7.757499999999709,"failureMessages":[],"meta":{}},{"ancestorTitles":["URL Commands (--url)","URL Hash Commands"],"fullName":"URL Commands (--url) URL Hash Commands should get current hash","status":"passed","title":"should get current hash","duration":4.460100000000239,"failureMessages":[],"meta":{}},{"ancestorTitles":["URL Commands (--url)","URL Hash Commands"],"fullName":"URL Commands (--url) URL Hash Commands should set hash","status":"passed","title":"should set hash","duration":15.275700000000143,"failureMessages":[],"meta":{}},{"ancestorTitles":["URL Commands (--url)","URL Hash Commands"],"fullName":"URL Commands (--url) URL Hash Commands should set hash from input element value","status":"passed","title":"should set hash from input element value","duration":16.65599999999995,"failureMessages":[],"meta":{}},{"ancestorTitles":["URL Commands (--url)","URL Hash Commands"],"fullName":"URL Commands (--url) URL Hash Commands should clear hash","status":"passed","title":"should clear hash","duration":16.347999999999956,"failureMessages":[],"meta":{}},{"ancestorTitles":["URL Commands (--url)","URL Pathname Commands"],"fullName":"URL Commands (--url) URL Pathname Commands should get current pathname","status":"passed","title":"should get current pathname","duration":4.082000000000335,"failureMessages":[],"meta":{}},{"ancestorTitles":["URL Commands (--url)","URL Pathname Commands"],"fullName":"URL Commands (--url) URL Pathname Commands should set pathname","status":"passed","title":"should set pathname","duration":5.95679999999993,"failureMessages":[],"meta":{}},{"ancestorTitles":["URL Commands (--url)","URL Pathname Commands"],"fullName":"URL Commands (--url) URL Pathname Commands should set pathname from input element value","status":"passed","title":"should set pathname from input element value","duration":5.307100000000446,"failureMessages":[],"meta":{}},{"ancestorTitles":["URL Commands (--url)","URL Pathname Commands"],"fullName":"URL Commands (--url) URL Pathname Commands should set hash from textarea element value","status":"passed","title":"should set hash from textarea element value","duration":4.26260000000002,"failureMessages":[],"meta":{}},{"ancestorTitles":["URL Commands (--url)","URL Pathname Commands"],"fullName":"URL Commands (--url) URL Pathname Commands should set pathname from textarea element value","status":"passed","title":"should set pathname from textarea element value","duration":4.533700000000408,"failureMessages":[],"meta":{}},{"ancestorTitles":["URL Commands (--url)","URL Navigation Commands"],"fullName":"URL Commands (--url) URL Navigation Commands should navigate to new URL","status":"passed","title":"should navigate to new URL","duration":5.363000000000284,"failureMessages":[],"meta":{}},{"ancestorTitles":["URL Commands (--url)","URL Navigation Commands"],"fullName":"URL Commands (--url) URL Navigation Commands should replace current URL","status":"passed","title":"should replace current URL","duration":5.18329999999969,"failureMessages":[],"meta":{}},{"ancestorTitles":["URL Commands (--url)","URL Navigation Commands"],"fullName":"URL Commands (--url) URL Navigation Commands should reload the page","status":"passed","title":"should reload the page","duration":5.390300000000025,"failureMessages":[],"meta":{}},{"ancestorTitles":["URL Commands (--url)","URL Command Interpolation"],"fullName":"URL Commands (--url) URL Command Interpolation should interpolate parameter name","status":"passed","title":"should interpolate parameter name","duration":10.666400000000067,"failureMessages":[],"meta":{}},{"ancestorTitles":["URL Commands (--url)","URL Command Interpolation"],"fullName":"URL Commands (--url) URL Command Interpolation should interpolate parameter value","status":"passed","title":"should interpolate parameter value","duration":13.240299999999934,"failureMessages":[],"meta":{}},{"ancestorTitles":["URL Commands (--url)","URL Command Interpolation"],"fullName":"URL Commands (--url) URL Command Interpolation should interpolate hash value","status":"passed","title":"should interpolate hash value","duration":4.040399999999863,"failureMessages":[],"meta":{}},{"ancestorTitles":["URL Commands (--url)","URL Command Interpolation"],"fullName":"URL Commands (--url) URL Command Interpolation should interpolate pathname","status":"passed","title":"should interpolate pathname","duration":4.667199999999866,"failureMessages":[],"meta":{}},{"ancestorTitles":["URL Commands (--url)","URL Command Error Handling"],"fullName":"URL Commands (--url) URL Command Error Handling should throw error for unknown URL action","status":"passed","title":"should throw error for unknown URL action","duration":7.996900000000096,"failureMessages":[],"meta":{}},{"ancestorTitles":["URL Commands (--url)","URL Command Error Handling"],"fullName":"URL Commands (--url) URL Command Error Handling should throw error for params:get without parameter name","status":"passed","title":"should throw error for params:get without parameter name","duration":3.8382000000001426,"failureMessages":[],"meta":{}},{"ancestorTitles":["URL Commands (--url)","URL Command Error Handling"],"fullName":"URL Commands (--url) URL Command Error Handling should throw error for params:set without parameters and no data attribute","status":"passed","title":"should throw error for params:set without parameters and no data attribute","duration":4.9551000000001295,"failureMessages":[],"meta":{}},{"ancestorTitles":["URL Commands (--url)","History Commands (--history)"],"fullName":"URL Commands (--url) History Commands (--history) should push to history","status":"passed","title":"should push to history","duration":4.718000000000302,"failureMessages":[],"meta":{}},{"ancestorTitles":["URL Commands (--url)","History Commands (--history)"],"fullName":"URL Commands (--url) History Commands (--history) should replace history","status":"passed","title":"should replace history","duration":4.571399999999812,"failureMessages":[],"meta":{}},{"ancestorTitles":["URL Commands (--url)","History Commands (--history)"],"fullName":"URL Commands (--url) History Commands (--history) should go back in history","status":"passed","title":"should go back in history","duration":4.748000000000047,"failureMessages":[],"meta":{}},{"ancestorTitles":["URL Commands (--url)","History Commands (--history)"],"fullName":"URL Commands (--url) History Commands (--history) should go forward in history","status":"passed","title":"should go forward in history","duration":5.167100000000119,"failureMessages":[],"meta":{}},{"ancestorTitles":["URL Commands (--url)","History Commands (--history)"],"fullName":"URL Commands (--url) History Commands (--history) should go to specific history position","status":"passed","title":"should go to specific history position","duration":4.432600000000093,"failureMessages":[],"meta":{}},{"ancestorTitles":["URL Commands (--url)","History Commands (--history)"],"fullName":"URL Commands (--url) History Commands (--history) should get history state","status":"passed","title":"should get history state","duration":7.761399999999867,"failureMessages":[],"meta":{}},{"ancestorTitles":["URL Commands (--url)","History Commands (--history)"],"fullName":"URL Commands (--url) History Commands (--history) should get history state with shorthand --history:state","status":"passed","title":"should get history state with shorthand --history:state","duration":7.05390000000034,"failureMessages":[],"meta":{}},{"ancestorTitles":["URL Commands (--url)","History Commands (--history)"],"fullName":"URL Commands (--url) History Commands (--history) should set history state","status":"passed","title":"should set history state","duration":4.478399999999965,"failureMessages":[],"meta":{}}],"startTime":1758655314902,"endTime":1758655315221.4785,"status":"passed","message":"","name":"C:/Users/Patrick/invokers/test/url-commands.test.ts"}]}